2014-01-26 06:05:04.650+0000 INFO  [o.n.k.i.DiagnosticsManager]: --- INITIALIZED diagnostics START ---
2014-01-26 06:05:04.655+0000 INFO  [o.n.k.i.DiagnosticsManager]: Neo4j Kernel properties:
2014-01-26 06:05:04.660+0000 INFO  [o.n.k.i.DiagnosticsManager]: neostore.propertystore.db.mapped_memory=617M
2014-01-26 06:05:04.660+0000 INFO  [o.n.k.i.DiagnosticsManager]: neo_store=/hdd/development/um2/play-gdc-project/public/data/neo4j/graph.db/neostore
2014-01-26 06:05:04.660+0000 INFO  [o.n.k.i.DiagnosticsManager]: neostore.nodestore.db.mapped_memory=171M
2014-01-26 06:05:04.660+0000 INFO  [o.n.k.i.DiagnosticsManager]: neostore.relationshipstore.db.mapped_memory=756M
2014-01-26 06:05:04.660+0000 INFO  [o.n.k.i.DiagnosticsManager]: neostore.propertystore.db.strings.mapped_memory=525M
2014-01-26 06:05:04.660+0000 INFO  [o.n.k.i.DiagnosticsManager]: store_dir=/hdd/development/um2/play-gdc-project/public/data/neo4j/graph.db
2014-01-26 06:05:04.660+0000 INFO  [o.n.k.i.DiagnosticsManager]: keep_logical_logs=true
2014-01-26 06:05:04.660+0000 INFO  [o.n.k.i.DiagnosticsManager]: neostore.propertystore.db.arrays.mapped_memory=595M
2014-01-26 06:05:04.660+0000 INFO  [o.n.k.i.DiagnosticsManager]: ephemeral=false
2014-01-26 06:05:04.661+0000 INFO  [o.n.k.i.DiagnosticsManager]: Diagnostics providers:
2014-01-26 06:05:04.661+0000 INFO  [o.n.k.i.DiagnosticsManager]: org.neo4j.kernel.configuration.Config
2014-01-26 06:05:04.661+0000 INFO  [o.n.k.i.DiagnosticsManager]: org.neo4j.kernel.info.DiagnosticsManager
2014-01-26 06:05:04.661+0000 INFO  [o.n.k.i.DiagnosticsManager]: SYSTEM_MEMORY
2014-01-26 06:05:04.661+0000 INFO  [o.n.k.i.DiagnosticsManager]: JAVA_MEMORY
2014-01-26 06:05:04.661+0000 INFO  [o.n.k.i.DiagnosticsManager]: OPERATING_SYSTEM
2014-01-26 06:05:04.661+0000 INFO  [o.n.k.i.DiagnosticsManager]: JAVA_VIRTUAL_MACHINE
2014-01-26 06:05:04.661+0000 INFO  [o.n.k.i.DiagnosticsManager]: CLASSPATH
2014-01-26 06:05:04.661+0000 INFO  [o.n.k.i.DiagnosticsManager]: LIBRARY_PATH
2014-01-26 06:05:04.662+0000 INFO  [o.n.k.i.DiagnosticsManager]: SYSTEM_PROPERTIES
2014-01-26 06:05:04.662+0000 INFO  [o.n.k.i.DiagnosticsManager]: LINUX_SCHEDULERS
2014-01-26 06:05:04.662+0000 INFO  [o.n.k.i.DiagnosticsManager]: NETWORK
2014-01-26 06:05:04.662+0000 INFO  [o.n.k.i.DiagnosticsManager]: System memory information:
2014-01-26 06:05:04.694+0000 INFO  [o.n.k.i.DiagnosticsManager]: Total Physical memory: 7.69 GB
2014-01-26 06:05:04.694+0000 INFO  [o.n.k.i.DiagnosticsManager]: Free Physical memory: 778.98 MB
2014-01-26 06:05:04.694+0000 INFO  [o.n.k.i.DiagnosticsManager]: Committed virtual memory: 3.21 GB
2014-01-26 06:05:04.695+0000 INFO  [o.n.k.i.DiagnosticsManager]: Total swap space: 7.89 GB
2014-01-26 06:05:04.695+0000 INFO  [o.n.k.i.DiagnosticsManager]: Free swap space: 7.89 GB
2014-01-26 06:05:04.695+0000 INFO  [o.n.k.i.DiagnosticsManager]: JVM memory information:
2014-01-26 06:05:04.696+0000 INFO  [o.n.k.i.DiagnosticsManager]: Free  memory: 101.32 MB
2014-01-26 06:05:04.696+0000 INFO  [o.n.k.i.DiagnosticsManager]: Total memory: 119.00 MB
2014-01-26 06:05:04.696+0000 INFO  [o.n.k.i.DiagnosticsManager]: Max   memory: 1.89 GB
2014-01-26 06:05:04.698+0000 INFO  [o.n.k.i.DiagnosticsManager]: Garbage Collector: ParNew: [Par Eden Space, Par Survivor Space]
2014-01-26 06:05:04.698+0000 INFO  [o.n.k.i.DiagnosticsManager]: Garbage Collector: ConcurrentMarkSweep: [Par Eden Space, Par Survivor Space, CMS Old Gen, CMS Perm Gen]
2014-01-26 06:05:04.699+0000 INFO  [o.n.k.i.DiagnosticsManager]: Memory Pool: Code Cache (Non-heap memory): committed=2.44 MB, used=674.56 kB, max=48.00 MB, threshold=0.00 B
2014-01-26 06:05:04.700+0000 INFO  [o.n.k.i.DiagnosticsManager]: Memory Pool: Par Eden Space (Heap memory): committed=32.88 MB, used=11.33 MB, max=266.25 MB, threshold=?
2014-01-26 06:05:04.701+0000 INFO  [o.n.k.i.DiagnosticsManager]: Memory Pool: Par Survivor Space (Heap memory): committed=4.06 MB, used=4.06 MB, max=33.25 MB, threshold=?
2014-01-26 06:05:04.702+0000 INFO  [o.n.k.i.DiagnosticsManager]: Memory Pool: CMS Old Gen (Heap memory): committed=82.06 MB, used=2.28 MB, max=1.60 GB, threshold=0.00 B
2014-01-26 06:05:04.703+0000 INFO  [o.n.k.i.DiagnosticsManager]: Memory Pool: CMS Perm Gen (Non-heap memory): committed=20.75 MB, used=12.61 MB, max=82.00 MB, threshold=0.00 B
2014-01-26 06:05:04.703+0000 INFO  [o.n.k.i.DiagnosticsManager]: Operating system information:
2014-01-26 06:05:04.704+0000 INFO  [o.n.k.i.DiagnosticsManager]: Operating System: Linux; version: 3.5.0-45-generic; arch: amd64; cpus: 4
2014-01-26 06:05:04.704+0000 INFO  [o.n.k.i.DiagnosticsManager]: Max number of file descriptors: 4096
2014-01-26 06:05:04.704+0000 INFO  [o.n.k.i.DiagnosticsManager]: Number of open file descriptors: 71
2014-01-26 06:05:04.704+0000 INFO  [o.n.k.i.DiagnosticsManager]: Process id: 24460@apps-server
2014-01-26 06:05:04.704+0000 INFO  [o.n.k.i.DiagnosticsManager]: Byte order: LITTLE_ENDIAN
2014-01-26 06:05:04.705+0000 INFO  [o.n.k.i.DiagnosticsManager]: Local timezone: Europe/Paris
2014-01-26 06:05:04.705+0000 INFO  [o.n.k.i.DiagnosticsManager]: JVM information:
2014-01-26 06:05:04.705+0000 INFO  [o.n.k.i.DiagnosticsManager]: VM Name: Java HotSpot(TM) 64-Bit Server VM
2014-01-26 06:05:04.705+0000 INFO  [o.n.k.i.DiagnosticsManager]: VM Vendor: Oracle Corporation
2014-01-26 06:05:04.705+0000 INFO  [o.n.k.i.DiagnosticsManager]: VM Version: 24.0-b56
2014-01-26 06:05:04.705+0000 INFO  [o.n.k.i.DiagnosticsManager]: JIT compiler: HotSpot 64-Bit Tiered Compilers
2014-01-26 06:05:04.706+0000 INFO  [o.n.k.i.DiagnosticsManager]: VM Arguments: [-XX:+DisableExplicitGC, -Dorg.neo4j.server.properties=conf/neo4j-server.properties, -Djava.util.logging.config.file=conf/logging.properties, -Dlog4j.configuration=file:conf/log4j.properties, -XX:+UseConcMarkSweepGC, -XX:+CMSClassUnloadingEnabled, -Dneo4j.home=/hdd/applications/neo4j-community, -Dneo4j.instance=/hdd/applications/neo4j-community, -Dfile.encoding=UTF-8]
2014-01-26 06:05:04.706+0000 INFO  [o.n.k.i.DiagnosticsManager]: Java classpath:
2014-01-26 06:05:04.709+0000 INFO  [o.n.k.i.DiagnosticsManager]:  [classpath + loader.0] file:/hdd/applications/neo4j-community/system/lib/rrd4j-2.0.7.jar
2014-01-26 06:05:04.709+0000 INFO  [o.n.k.i.DiagnosticsManager]:  [classpath + loader.0] file:/hdd/applications/neo4j-community/system/lib/jetty-util-9.0.5.v20130815.jar
2014-01-26 06:05:04.709+0000 INFO  [o.n.k.i.DiagnosticsManager]:  [classpath + loader.0] file:/hdd/applications/neo4j-community/lib/scala-library-2.10.3.jar
2014-01-26 06:05:04.709+0000 INFO  [o.n.k.i.DiagnosticsManager]:  [classpath + loader.0] file:/hdd/applications/neo4j-community/system/lib/logback-classic-1.0.9.jar
2014-01-26 06:05:04.709+0000 INFO  [o.n.k.i.DiagnosticsManager]:  [classpath + loader.0] file:/hdd/applications/neo4j-community/lib/concurrentlinkedhashmap-lru-1.3.1.jar
2014-01-26 06:05:04.709+0000 INFO  [o.n.k.i.DiagnosticsManager]:  [classpath + loader.0] file:/hdd/applications/neo4j-community/system/lib/logback-access-1.0.9.jar
2014-01-26 06:05:04.709+0000 INFO  [o.n.k.i.DiagnosticsManager]:  [classpath + loader.0] file:/hdd/applications/neo4j-community/lib/neo4j-kernel-2.0.0.jar
2014-01-26 06:05:04.709+0000 INFO  [o.n.k.i.DiagnosticsManager]:  [classpath + loader.0] file:/hdd/applications/neo4j-community/system/lib/jetty-webapp-9.0.5.v20130815.jar
2014-01-26 06:05:04.709+0000 INFO  [o.n.k.i.DiagnosticsManager]:  [classpath + loader.0] file:/hdd/applications/neo4j-community/system/lib/slf4j-api-1.6.2.jar
2014-01-26 06:05:04.709+0000 INFO  [o.n.k.i.DiagnosticsManager]:  [classpath + loader.0] file:/hdd/applications/neo4j-community/system/lib/neo4j-browser-2.0.0.jar
2014-01-26 06:05:04.709+0000 INFO  [o.n.k.i.DiagnosticsManager]:  [classpath + loader.0] file:/hdd/applications/neo4j-community/system/lib/jetty-xml-9.0.5.v20130815.jar
2014-01-26 06:05:04.709+0000 INFO  [o.n.k.i.DiagnosticsManager]:  [classpath + loader.0] file:/hdd/applications/neo4j-community/system/lib/jersey-server-1.9.jar
2014-01-26 06:05:04.709+0000 INFO  [o.n.k.i.DiagnosticsManager]:  [bootstrap] /usr/lib/jvm/jdk1.7.0_40/jre/lib/charsets.jar
2014-01-26 06:05:04.709+0000 INFO  [o.n.k.i.DiagnosticsManager]:  [classpath + loader.0] file:/hdd/applications/neo4j-community/system/lib/logback-core-1.0.9.jar
2014-01-26 06:05:04.709+0000 INFO  [o.n.k.i.DiagnosticsManager]:  [classpath + loader.0] file:/hdd/applications/neo4j-community/system/lib/commons-lang-2.4.jar
2014-01-26 06:05:04.710+0000 INFO  [o.n.k.i.DiagnosticsManager]:  [classpath + loader.0] file:/hdd/applications/neo4j-community/system/lib/asm-3.1.jar
2014-01-26 06:05:04.710+0000 INFO  [o.n.k.i.DiagnosticsManager]:  [bootstrap] /usr/lib/jvm/jdk1.7.0_40/jre/lib/jfr.jar
2014-01-26 06:05:04.710+0000 INFO  [o.n.k.i.DiagnosticsManager]:  [classpath + loader.0] file:/hdd/applications/neo4j-community/system/lib/jackson-mapper-asl-1.9.7.jar
2014-01-26 06:05:04.710+0000 INFO  [o.n.k.i.DiagnosticsManager]:  [bootstrap] /usr/lib/jvm/jdk1.7.0_40/jre/lib/sunrsasign.jar
2014-01-26 06:05:04.710+0000 INFO  [o.n.k.i.DiagnosticsManager]:  [loader.1] file:/usr/lib/jvm/jdk1.7.0_40/jre/lib/ext/sunpkcs11.jar
2014-01-26 06:05:04.710+0000 INFO  [o.n.k.i.DiagnosticsManager]:  [classpath + loader.0] file:/hdd/applications/neo4j-community/system/lib/commons-logging-1.1.1.jar
2014-01-26 06:05:04.710+0000 INFO  [o.n.k.i.DiagnosticsManager]:  [classpath + loader.0] file:/hdd/applications/neo4j-community/lib/lucene-core-3.6.2.jar
2014-01-26 06:05:04.710+0000 INFO  [o.n.k.i.DiagnosticsManager]:  [bootstrap] /usr/lib/jvm/jdk1.7.0_40/jre/lib/jsse.jar
2014-01-26 06:05:04.710+0000 INFO  [o.n.k.i.DiagnosticsManager]:  [classpath + loader.0] file:/hdd/applications/neo4j-community/system/lib/jsr311-api-1.1.2.r612.jar
2014-01-26 06:05:04.710+0000 INFO  [o.n.k.i.DiagnosticsManager]:  [bootstrap] /usr/lib/jvm/jdk1.7.0_40/jre/lib/resources.jar
2014-01-26 06:05:04.710+0000 INFO  [o.n.k.i.DiagnosticsManager]:  [classpath + loader.0] file:/hdd/applications/neo4j-community/system/lib/jetty-server-9.0.5.v20130815.jar
2014-01-26 06:05:04.710+0000 INFO  [o.n.k.i.DiagnosticsManager]:  [classpath + loader.0] file:/hdd/applications/neo4j-community/lib/neo4j-cypher-compiler-2.0-2.0.0.jar
2014-01-26 06:05:04.710+0000 INFO  [o.n.k.i.DiagnosticsManager]:  [classpath + loader.0] file:/hdd/applications/neo4j-community/lib/neo4j-jmx-2.0.0.jar
2014-01-26 06:05:04.710+0000 INFO  [o.n.k.i.DiagnosticsManager]:  [classpath + loader.0] file:/hdd/applications/neo4j-community/system/lib/commons-compiler-2.6.1.jar
2014-01-26 06:05:04.711+0000 INFO  [o.n.k.i.DiagnosticsManager]:  [classpath + loader.0] file:/hdd/applications/neo4j-community/system/lib/bcprov-jdk16-140.jar
2014-01-26 06:05:04.711+0000 INFO  [o.n.k.i.DiagnosticsManager]:  [bootstrap] /usr/lib/jvm/jdk1.7.0_40/jre/lib/rt.jar
2014-01-26 06:05:04.711+0000 INFO  [o.n.k.i.DiagnosticsManager]:  [classpath + loader.0] file:/hdd/applications/neo4j-community/lib/neo4j-graph-algo-2.0.0.jar
2014-01-26 06:05:04.711+0000 INFO  [o.n.k.i.DiagnosticsManager]:  [classpath + loader.0] file:/hdd/applications/neo4j-community/system/lib/commons-configuration-1.6.jar
2014-01-26 06:05:04.711+0000 INFO  [o.n.k.i.DiagnosticsManager]:  [bootstrap] /usr/lib/jvm/jdk1.7.0_40/jre/lib/jce.jar
2014-01-26 06:05:04.711+0000 INFO  [o.n.k.i.DiagnosticsManager]:  [classpath + loader.0] file:/hdd/applications/neo4j-community/lib/parboiled-core-1.1.6.jar
2014-01-26 06:05:04.711+0000 INFO  [o.n.k.i.DiagnosticsManager]:  [classpath + loader.0] file:/hdd/applications/neo4j-community/lib/neo4j-graph-matching-2.0.0.jar
2014-01-26 06:05:04.711+0000 INFO  [o.n.k.i.DiagnosticsManager]:  [classpath + loader.0] file:/hdd/applications/neo4j-community/lib/org.apache.servicemix.bundles.jline-0.9.94_1.jar
2014-01-26 06:05:04.711+0000 INFO  [o.n.k.i.DiagnosticsManager]:  [loader.1] file:/usr/lib/jvm/jdk1.7.0_40/jre/lib/ext/localedata.jar
2014-01-26 06:05:04.711+0000 INFO  [o.n.k.i.DiagnosticsManager]:  [loader.1] file:/usr/lib/jvm/jdk1.7.0_40/jre/lib/ext/zipfs.jar
2014-01-26 06:05:04.711+0000 INFO  [o.n.k.i.DiagnosticsManager]:  [classpath + loader.0] file:/hdd/applications/neo4j-community/system/lib/jersey-core-1.9.jar
2014-01-26 06:05:04.711+0000 INFO  [o.n.k.i.DiagnosticsManager]:  [classpath + loader.0] file:/hdd/applications/neo4j-community/system/lib/jackson-jaxrs-1.9.7.jar
2014-01-26 06:05:04.711+0000 INFO  [o.n.k.i.DiagnosticsManager]:  [classpath + loader.0] file:/hdd/applications/neo4j-community/lib/neo4j-udc-2.0.0.jar
2014-01-26 06:05:04.711+0000 INFO  [o.n.k.i.DiagnosticsManager]:  [classpath + loader.0] file:/hdd/applications/neo4j-community/lib/server-api-2.0.0.jar
2014-01-26 06:05:04.711+0000 INFO  [o.n.k.i.DiagnosticsManager]:  [classpath + loader.0] file:/hdd/applications/neo4j-community/system/lib/commons-beanutils-core-1.8.0.jar
2014-01-26 06:05:04.712+0000 INFO  [o.n.k.i.DiagnosticsManager]:  [loader.1] file:/usr/lib/jvm/jdk1.7.0_40/jre/lib/ext/dnsns.jar
2014-01-26 06:05:04.712+0000 INFO  [o.n.k.i.DiagnosticsManager]:  [loader.1] file:/usr/lib/jvm/jdk1.7.0_40/jre/lib/ext/sunec.jar
2014-01-26 06:05:04.712+0000 INFO  [o.n.k.i.DiagnosticsManager]:  [classpath + loader.0] file:/hdd/applications/neo4j-community/system/lib/rhino-1.7R3.jar
2014-01-26 06:05:04.712+0000 INFO  [o.n.k.i.DiagnosticsManager]:  [classpath + loader.0] file:/hdd/applications/neo4j-community/system/lib/commons-beanutils-1.8.0.jar
2014-01-26 06:05:04.712+0000 INFO  [o.n.k.i.DiagnosticsManager]:  [classpath + loader.0] file:/hdd/applications/neo4j-community/system/lib/commons-digester-1.8.1.jar
2014-01-26 06:05:04.712+0000 INFO  [o.n.k.i.DiagnosticsManager]:  [classpath + loader.0] file:/hdd/applications/neo4j-community/lib/parboiled-scala_2.10-1.1.6.jar
2014-01-26 06:05:04.712+0000 INFO  [o.n.k.i.DiagnosticsManager]:  [classpath + loader.0] file:/hdd/applications/neo4j-community/lib/neo4j-cypher-compiler-1.9-2.0.0.jar
2014-01-26 06:05:04.712+0000 INFO  [o.n.k.i.DiagnosticsManager]:  [classpath + loader.0] file:/hdd/applications/neo4j-community/system/lib/commons-collections-3.2.1.jar
2014-01-26 06:05:04.712+0000 INFO  [o.n.k.i.DiagnosticsManager]:  [classpath + loader.0] file:/hdd/applications/neo4j-community/lib/geronimo-jta_1.1_spec-1.1.1.jar
2014-01-26 06:05:04.712+0000 INFO  [o.n.k.i.DiagnosticsManager]:  [classpath + loader.0] file:/hdd/applications/neo4j-community/system/lib/jcl-over-slf4j-1.6.1.jar
2014-01-26 06:05:04.712+0000 INFO  [o.n.k.i.DiagnosticsManager]:  [classpath + loader.0] file:/hdd/applications/neo4j-community/system/lib/jetty-security-9.0.5.v20130815.jar
2014-01-26 06:05:04.712+0000 INFO  [o.n.k.i.DiagnosticsManager]:  [classpath + loader.0] file:/hdd/applications/neo4j-community/system/lib/jetty-servlet-9.0.5.v20130815.jar
2014-01-26 06:05:04.712+0000 INFO  [o.n.k.i.DiagnosticsManager]:  [classpath + loader.0] file:/hdd/applications/neo4j-community/system/lib/neo4j-server-2.0.0-static-web.jar
2014-01-26 06:05:04.712+0000 INFO  [o.n.k.i.DiagnosticsManager]:  [classpath + loader.0] file:/hdd/applications/neo4j-community/system/lib/javax.servlet-3.0.0.v201112011016.jar
2014-01-26 06:05:04.712+0000 INFO  [o.n.k.i.DiagnosticsManager]:  [classpath + loader.0] file:/hdd/applications/neo4j-community/system/lib/jackson-core-asl-1.9.7.jar
2014-01-26 06:05:04.713+0000 INFO  [o.n.k.i.DiagnosticsManager]:  [classpath + loader.0] file:/hdd/applications/neo4j-community/system/lib/jetty-http-9.0.5.v20130815.jar
2014-01-26 06:05:04.713+0000 INFO  [o.n.k.i.DiagnosticsManager]:  [classpath + loader.0] file:/hdd/applications/neo4j-community/system/lib/neo4j-server-2.0.0.jar
2014-01-26 06:05:04.713+0000 INFO  [o.n.k.i.DiagnosticsManager]:  [classpath + loader.0] file:/hdd/applications/neo4j-community/lib/neo4j-shell-2.0.0.jar
2014-01-26 06:05:04.713+0000 INFO  [o.n.k.i.DiagnosticsManager]:  [bootstrap] /usr/lib/jvm/jdk1.7.0_40/jre/classes
2014-01-26 06:05:04.713+0000 INFO  [o.n.k.i.DiagnosticsManager]:  [classpath + loader.0] file:/hdd/applications/neo4j-community/lib/neo4j-lucene-index-2.0.0.jar
2014-01-26 06:05:04.713+0000 INFO  [o.n.k.i.DiagnosticsManager]:  [loader.1] file:/usr/lib/jvm/jdk1.7.0_40/jre/lib/ext/sunjce_provider.jar
2014-01-26 06:05:04.713+0000 INFO  [o.n.k.i.DiagnosticsManager]:  [classpath + loader.0] file:/hdd/applications/neo4j-community/system/lib/commons-io-1.4.jar
2014-01-26 06:05:04.713+0000 INFO  [o.n.k.i.DiagnosticsManager]:  [classpath + loader.0] file:/hdd/applications/neo4j-community/system/lib/jetty-io-9.0.5.v20130815.jar
2014-01-26 06:05:04.713+0000 INFO  [o.n.k.i.DiagnosticsManager]:  [classpath + loader.0] file:/hdd/applications/neo4j-community/conf/
2014-01-26 06:05:04.713+0000 INFO  [o.n.k.i.DiagnosticsManager]:  [classpath + loader.0] file:/hdd/applications/neo4j-community/lib/neo4j-cypher-commons-2.0.0.jar
2014-01-26 06:05:04.713+0000 INFO  [o.n.k.i.DiagnosticsManager]:  [classpath + loader.0] file:/hdd/applications/neo4j-community/lib/neo4j-cypher-2.0.0.jar
2014-01-26 06:05:04.713+0000 INFO  [o.n.k.i.DiagnosticsManager]:  [classpath + loader.0] file:/hdd/applications/neo4j-community/system/lib/jersey-multipart-1.9.jar
2014-01-26 06:05:04.713+0000 INFO  [o.n.k.i.DiagnosticsManager]:  [classpath + loader.0] file:/hdd/applications/neo4j-community/system/lib/janino-2.6.1.jar
2014-01-26 06:05:04.713+0000 INFO  [o.n.k.i.DiagnosticsManager]:  [classpath + loader.0] file:/hdd/applications/neo4j-community/system/lib/mimepull-1.6.jar
2014-01-26 06:05:04.713+0000 INFO  [o.n.k.i.DiagnosticsManager]: Library path:
2014-01-26 06:05:04.714+0000 INFO  [o.n.k.i.DiagnosticsManager]: /usr/java/packages/lib/amd64
2014-01-26 06:05:04.714+0000 INFO  [o.n.k.i.DiagnosticsManager]: /usr/lib64
2014-01-26 06:05:04.714+0000 INFO  [o.n.k.i.DiagnosticsManager]: /lib64
2014-01-26 06:05:04.714+0000 INFO  [o.n.k.i.DiagnosticsManager]: /lib
2014-01-26 06:05:04.714+0000 INFO  [o.n.k.i.DiagnosticsManager]: /usr/lib
2014-01-26 06:05:04.714+0000 INFO  [o.n.k.i.DiagnosticsManager]: System.properties:
2014-01-26 06:05:04.714+0000 INFO  [o.n.k.i.DiagnosticsManager]: sun.boot.library.path = /usr/lib/jvm/jdk1.7.0_40/jre/lib/amd64
2014-01-26 06:05:04.715+0000 INFO  [o.n.k.i.DiagnosticsManager]: org.neo4j.server.properties = conf/neo4j-server.properties
2014-01-26 06:05:04.715+0000 INFO  [o.n.k.i.DiagnosticsManager]: path.separator = :
2014-01-26 06:05:04.715+0000 INFO  [o.n.k.i.DiagnosticsManager]: file.encoding.pkg = sun.io
2014-01-26 06:05:04.715+0000 INFO  [o.n.k.i.DiagnosticsManager]: user.country = US
2014-01-26 06:05:04.715+0000 INFO  [o.n.k.i.DiagnosticsManager]: sun.java.launcher = SUN_STANDARD
2014-01-26 06:05:04.715+0000 INFO  [o.n.k.i.DiagnosticsManager]: sun.os.patch.level = unknown
2014-01-26 06:05:04.715+0000 INFO  [o.n.k.i.DiagnosticsManager]: user.dir = /hdd/applications/neo4j-community
2014-01-26 06:05:04.715+0000 INFO  [o.n.k.i.DiagnosticsManager]: log4j.configuration = file:conf/log4j.properties
2014-01-26 06:05:04.715+0000 INFO  [o.n.k.i.DiagnosticsManager]: sun.jnu.encoding = UTF-8
2014-01-26 06:05:04.715+0000 INFO  [o.n.k.i.DiagnosticsManager]: sun.management.compiler = HotSpot 64-Bit Tiered Compilers
2014-01-26 06:05:04.715+0000 INFO  [o.n.k.i.DiagnosticsManager]: user.home = /home/tirider
2014-01-26 06:05:04.715+0000 INFO  [o.n.k.i.DiagnosticsManager]: user.timezone = Europe/Paris
2014-01-26 06:05:04.715+0000 INFO  [o.n.k.i.DiagnosticsManager]: file.encoding = UTF-8
2014-01-26 06:05:04.715+0000 INFO  [o.n.k.i.DiagnosticsManager]: user.name = tirider
2014-01-26 06:05:04.716+0000 INFO  [o.n.k.i.DiagnosticsManager]: sun.java.command = org.neo4j.server.Bootstrapper
2014-01-26 06:05:04.716+0000 INFO  [o.n.k.i.DiagnosticsManager]: sun.arch.data.model = 64
2014-01-26 06:05:04.716+0000 INFO  [o.n.k.i.DiagnosticsManager]: user.language = en
2014-01-26 06:05:04.716+0000 INFO  [o.n.k.i.DiagnosticsManager]: awt.toolkit = sun.awt.X11.XToolkit
2014-01-26 06:05:04.716+0000 INFO  [o.n.k.i.DiagnosticsManager]: file.separator = /
2014-01-26 06:05:04.716+0000 INFO  [o.n.k.i.DiagnosticsManager]: sun.io.unicode.encoding = UnicodeLittle
2014-01-26 06:05:04.716+0000 INFO  [o.n.k.i.DiagnosticsManager]: sun.cpu.endian = little
2014-01-26 06:05:04.716+0000 INFO  [o.n.k.i.DiagnosticsManager]: neo4j.instance = /hdd/applications/neo4j-community
2014-01-26 06:05:04.716+0000 INFO  [o.n.k.i.DiagnosticsManager]: sun.desktop = gnome
2014-01-26 06:05:04.716+0000 INFO  [o.n.k.i.DiagnosticsManager]: neo4j.home = /hdd/applications/neo4j-community
2014-01-26 06:05:04.716+0000 INFO  [o.n.k.i.DiagnosticsManager]: sun.cpu.isalist = 
2014-01-26 06:05:04.716+0000 INFO  [o.n.k.i.DiagnosticsManager]: Linux scheduler information:
2014-01-26 06:05:04.718+0000 INFO  [o.n.k.i.DiagnosticsManager]: noop [deadline] cfq 
2014-01-26 06:05:04.718+0000 INFO  [o.n.k.i.DiagnosticsManager]: noop [deadline] cfq 
2014-01-26 06:05:04.718+0000 INFO  [o.n.k.i.DiagnosticsManager]: noop [deadline] cfq 
2014-01-26 06:05:04.718+0000 INFO  [o.n.k.i.DiagnosticsManager]: none
2014-01-26 06:05:04.719+0000 INFO  [o.n.k.i.DiagnosticsManager]: none
2014-01-26 06:05:04.719+0000 INFO  [o.n.k.i.DiagnosticsManager]: none
2014-01-26 06:05:04.719+0000 INFO  [o.n.k.i.DiagnosticsManager]: none
2014-01-26 06:05:04.719+0000 INFO  [o.n.k.i.DiagnosticsManager]: none
2014-01-26 06:05:04.719+0000 INFO  [o.n.k.i.DiagnosticsManager]: none
2014-01-26 06:05:04.719+0000 INFO  [o.n.k.i.DiagnosticsManager]: none
2014-01-26 06:05:04.719+0000 INFO  [o.n.k.i.DiagnosticsManager]: none
2014-01-26 06:05:04.720+0000 INFO  [o.n.k.i.DiagnosticsManager]: none
2014-01-26 06:05:04.720+0000 INFO  [o.n.k.i.DiagnosticsManager]: none
2014-01-26 06:05:04.720+0000 INFO  [o.n.k.i.DiagnosticsManager]: none
2014-01-26 06:05:04.720+0000 INFO  [o.n.k.i.DiagnosticsManager]: none
2014-01-26 06:05:04.720+0000 INFO  [o.n.k.i.DiagnosticsManager]: none
2014-01-26 06:05:04.720+0000 INFO  [o.n.k.i.DiagnosticsManager]: none
2014-01-26 06:05:04.720+0000 INFO  [o.n.k.i.DiagnosticsManager]: none
2014-01-26 06:05:04.721+0000 INFO  [o.n.k.i.DiagnosticsManager]: none
2014-01-26 06:05:04.721+0000 INFO  [o.n.k.i.DiagnosticsManager]: none
2014-01-26 06:05:04.721+0000 INFO  [o.n.k.i.DiagnosticsManager]: none
2014-01-26 06:05:04.721+0000 INFO  [o.n.k.i.DiagnosticsManager]: none
2014-01-26 06:05:04.721+0000 INFO  [o.n.k.i.DiagnosticsManager]: none
2014-01-26 06:05:04.721+0000 INFO  [o.n.k.i.DiagnosticsManager]: none
2014-01-26 06:05:04.721+0000 INFO  [o.n.k.i.DiagnosticsManager]: none
2014-01-26 06:05:04.722+0000 INFO  [o.n.k.i.DiagnosticsManager]: none
2014-01-26 06:05:04.722+0000 INFO  [o.n.k.i.DiagnosticsManager]: none
2014-01-26 06:05:04.722+0000 INFO  [o.n.k.i.DiagnosticsManager]: Network information:
2014-01-26 06:05:04.723+0000 INFO  [o.n.k.i.DiagnosticsManager]: Interface wlan0:
2014-01-26 06:05:04.723+0000 INFO  [o.n.k.i.DiagnosticsManager]:     address: fe80:0:0:0:6e71:d9ff:fe5c:4cbb%3
2014-01-26 06:05:04.723+0000 INFO  [o.n.k.i.DiagnosticsManager]:     address: 192.168.1.1
2014-01-26 06:05:04.723+0000 INFO  [o.n.k.i.DiagnosticsManager]: Interface lo:
2014-01-26 06:05:04.723+0000 INFO  [o.n.k.i.DiagnosticsManager]:     address: 0:0:0:0:0:0:0:1%1
2014-01-26 06:05:04.723+0000 INFO  [o.n.k.i.DiagnosticsManager]:     address: 127.0.0.1
2014-01-26 06:05:04.723+0000 INFO  [o.n.k.i.DiagnosticsManager]: --- INITIALIZED diagnostics END ---
2014-01-26 06:05:04.993+0000 INFO  [o.n.k.i.n.s.StoreFactory]: Creating new db @ /hdd/development/um2/play-gdc-project/public/data/neo4j/graph.db/neostore
2014-01-26 06:05:06.053+0000 INFO  [o.n.k.i.n.s.StoreFactory]: [/hdd/development/um2/play-gdc-project/public/data/neo4j/graph.db/neostore.relationshiptypestore.db.names] brickCount=0 brickSize=0b mappedMem=0b (storeSize=38b)
2014-01-26 06:05:06.054+0000 INFO  [o.n.k.i.n.s.StoreFactory]: [/hdd/development/um2/play-gdc-project/public/data/neo4j/graph.db/neostore.relationshiptypestore.db] brickCount=0 brickSize=0b mappedMem=0b (storeSize=0b)
2014-01-26 06:05:06.100+0000 INFO  [o.n.k.i.n.s.StoreFactory]: /hdd/development/um2/play-gdc-project/public/data/neo4j/graph.db/neostore.relationshiptypestore.db.names hit=0 miss=0 switches=0 ooe=0
2014-01-26 06:05:06.179+0000 INFO  [o.n.k.i.n.s.StoreFactory]: /hdd/development/um2/play-gdc-project/public/data/neo4j/graph.db/neostore.relationshiptypestore.db hit=0 miss=0 switches=0 ooe=0
2014-01-26 06:05:06.496+0000 INFO  [o.n.k.i.n.s.StoreFactory]: [/hdd/development/um2/play-gdc-project/public/data/neo4j/graph.db/neostore.labeltokenstore.db.names] brickCount=0 brickSize=0b mappedMem=0b (storeSize=38b)
2014-01-26 06:05:06.498+0000 INFO  [o.n.k.i.n.s.StoreFactory]: [/hdd/development/um2/play-gdc-project/public/data/neo4j/graph.db/neostore.labeltokenstore.db] brickCount=0 brickSize=0b mappedMem=0b (storeSize=0b)
2014-01-26 06:05:06.546+0000 INFO  [o.n.k.i.n.s.StoreFactory]: /hdd/development/um2/play-gdc-project/public/data/neo4j/graph.db/neostore.labeltokenstore.db.names hit=0 miss=0 switches=0 ooe=0
2014-01-26 06:05:06.613+0000 INFO  [o.n.k.i.n.s.StoreFactory]: /hdd/development/um2/play-gdc-project/public/data/neo4j/graph.db/neostore.labeltokenstore.db hit=0 miss=0 switches=0 ooe=0
2014-01-26 06:05:06.808+0000 INFO  [o.n.k.i.n.s.StoreFactory]: [/hdd/development/um2/play-gdc-project/public/data/neo4j/graph.db/neostore.relationshiptypestore.db.names] brickCount=0 brickSize=0b mappedMem=0b (storeSize=38b)
2014-01-26 06:05:06.809+0000 INFO  [o.n.k.i.n.s.StoreFactory]: [/hdd/development/um2/play-gdc-project/public/data/neo4j/graph.db/neostore.relationshiptypestore.db] brickCount=0 brickSize=0b mappedMem=0b (storeSize=0b)
2014-01-26 06:05:06.811+0000 INFO  [o.n.k.i.n.s.StoreFactory]: [/hdd/development/um2/play-gdc-project/public/data/neo4j/graph.db/neostore.labeltokenstore.db.names] brickCount=0 brickSize=0b mappedMem=0b (storeSize=38b)
2014-01-26 06:05:06.812+0000 INFO  [o.n.k.i.n.s.StoreFactory]: [/hdd/development/um2/play-gdc-project/public/data/neo4j/graph.db/neostore.labeltokenstore.db] brickCount=0 brickSize=0b mappedMem=0b (storeSize=0b)
2014-01-26 06:05:06.813+0000 INFO  [o.n.k.i.n.s.StoreFactory]: [/hdd/development/um2/play-gdc-project/public/data/neo4j/graph.db/neostore.propertystore.db.strings] brickCount=0 brickSize=550400b mappedMem=550502400b (storeSize=128b)
2014-01-26 06:05:06.814+0000 INFO  [o.n.k.i.n.s.StoreFactory]: [/hdd/development/um2/play-gdc-project/public/data/neo4j/graph.db/neostore.propertystore.db.index.keys] brickCount=0 brickSize=0b mappedMem=0b (storeSize=38b)
2014-01-26 06:05:06.817+0000 INFO  [o.n.k.i.n.s.StoreFactory]: [/hdd/development/um2/play-gdc-project/public/data/neo4j/graph.db/neostore.propertystore.db.index] brickCount=0 brickSize=0b mappedMem=0b (storeSize=0b)
2014-01-26 06:05:06.818+0000 INFO  [o.n.k.i.n.s.StoreFactory]: [/hdd/development/um2/play-gdc-project/public/data/neo4j/graph.db/neostore.propertystore.db.arrays] brickCount=0 brickSize=623872b mappedMem=623902720b (storeSize=128b)
2014-01-26 06:05:06.821+0000 INFO  [o.n.k.i.n.s.StoreFactory]: [/hdd/development/um2/play-gdc-project/public/data/neo4j/graph.db/neostore.propertystore.db] brickCount=0 brickSize=6469677b mappedMem=646971392b (storeSize=0b)
2014-01-26 06:05:06.823+0000 INFO  [o.n.k.i.n.s.StoreFactory]: [/hdd/development/um2/play-gdc-project/public/data/neo4j/graph.db/neostore.relationshipstore.db] brickCount=0 brickSize=7927227b mappedMem=792723456b (storeSize=0b)
2014-01-26 06:05:06.823+0000 INFO  [o.n.k.i.n.s.StoreFactory]: [/hdd/development/um2/play-gdc-project/public/data/neo4j/graph.db/neostore.nodestore.db.labels] brickCount=0 brickSize=0b mappedMem=0b (storeSize=68b)
2014-01-26 06:05:06.824+0000 INFO  [o.n.k.i.n.s.StoreFactory]: [/hdd/development/um2/play-gdc-project/public/data/neo4j/graph.db/neostore.nodestore.db] brickCount=0 brickSize=1793064b mappedMem=179306496b (storeSize=0b)
2014-01-26 06:05:06.825+0000 INFO  [o.n.k.i.n.s.StoreFactory]: [/hdd/development/um2/play-gdc-project/public/data/neo4j/graph.db/neostore.schemastore.db] brickCount=0 brickSize=0b mappedMem=0b (storeSize=64b)
2014-01-26 06:05:06.825+0000 INFO  [o.n.k.i.n.s.StoreFactory]: [/hdd/development/um2/play-gdc-project/public/data/neo4j/graph.db/neostore] brickCount=0 brickSize=0b mappedMem=0b (storeSize=0b)
2014-01-26 06:05:06.903+0000 INFO  [o.n.k.i.n.s.StoreFactory]: /hdd/development/um2/play-gdc-project/public/data/neo4j/graph.db/neostore.relationshiptypestore.db.names hit=0 miss=0 switches=0 ooe=0
2014-01-26 06:05:06.970+0000 INFO  [o.n.k.i.n.s.StoreFactory]: /hdd/development/um2/play-gdc-project/public/data/neo4j/graph.db/neostore.relationshiptypestore.db hit=0 miss=0 switches=0 ooe=0
2014-01-26 06:05:07.026+0000 INFO  [o.n.k.i.n.s.StoreFactory]: /hdd/development/um2/play-gdc-project/public/data/neo4j/graph.db/neostore.labeltokenstore.db.names hit=0 miss=0 switches=0 ooe=0
2014-01-26 06:05:07.093+0000 INFO  [o.n.k.i.n.s.StoreFactory]: /hdd/development/um2/play-gdc-project/public/data/neo4j/graph.db/neostore.labeltokenstore.db hit=0 miss=0 switches=0 ooe=0
2014-01-26 06:05:07.162+0000 INFO  [o.n.k.i.n.s.StoreFactory]: /hdd/development/um2/play-gdc-project/public/data/neo4j/graph.db/neostore.propertystore.db.strings hit=0 miss=0 switches=0 ooe=0
2014-01-26 06:05:07.217+0000 INFO  [o.n.k.i.n.s.StoreFactory]: /hdd/development/um2/play-gdc-project/public/data/neo4j/graph.db/neostore.propertystore.db.index.keys hit=0 miss=0 switches=0 ooe=0
2014-01-26 06:05:07.291+0000 INFO  [o.n.k.i.n.s.StoreFactory]: /hdd/development/um2/play-gdc-project/public/data/neo4j/graph.db/neostore.propertystore.db.index hit=0 miss=0 switches=0 ooe=0
2014-01-26 06:05:07.362+0000 INFO  [o.n.k.i.n.s.StoreFactory]: /hdd/development/um2/play-gdc-project/public/data/neo4j/graph.db/neostore.propertystore.db.arrays hit=0 miss=0 switches=0 ooe=0
2014-01-26 06:05:07.418+0000 INFO  [o.n.k.i.n.s.StoreFactory]: /hdd/development/um2/play-gdc-project/public/data/neo4j/graph.db/neostore.propertystore.db hit=0 miss=0 switches=0 ooe=0
2014-01-26 06:05:07.473+0000 INFO  [o.n.k.i.n.s.StoreFactory]: /hdd/development/um2/play-gdc-project/public/data/neo4j/graph.db/neostore.relationshipstore.db hit=0 miss=0 switches=0 ooe=0
2014-01-26 06:05:07.540+0000 INFO  [o.n.k.i.n.s.StoreFactory]: /hdd/development/um2/play-gdc-project/public/data/neo4j/graph.db/neostore.nodestore.db.labels hit=0 miss=0 switches=0 ooe=0
2014-01-26 06:05:07.607+0000 INFO  [o.n.k.i.n.s.StoreFactory]: /hdd/development/um2/play-gdc-project/public/data/neo4j/graph.db/neostore.nodestore.db hit=0 miss=0 switches=0 ooe=0
2014-01-26 06:05:07.685+0000 INFO  [o.n.k.i.n.s.StoreFactory]: /hdd/development/um2/play-gdc-project/public/data/neo4j/graph.db/neostore.schemastore.db hit=0 miss=0 switches=0 ooe=0
2014-01-26 06:05:07.741+0000 INFO  [o.n.k.i.n.s.StoreFactory]: /hdd/development/um2/play-gdc-project/public/data/neo4j/graph.db/neostore hit=0 miss=8 switches=0 ooe=0
2014-01-26 06:05:07.819+0000 INFO  [o.n.k.i.n.s.StoreFactory]: [/hdd/development/um2/play-gdc-project/public/data/neo4j/graph.db/neostore.relationshiptypestore.db.names] brickCount=0 brickSize=0b mappedMem=0b (storeSize=38b)
2014-01-26 06:05:07.819+0000 INFO  [o.n.k.i.n.s.StoreFactory]: [/hdd/development/um2/play-gdc-project/public/data/neo4j/graph.db/neostore.relationshiptypestore.db] brickCount=0 brickSize=0b mappedMem=0b (storeSize=0b)
2014-01-26 06:05:07.819+0000 INFO  [o.n.k.i.n.s.StoreFactory]: [/hdd/development/um2/play-gdc-project/public/data/neo4j/graph.db/neostore.labeltokenstore.db.names] brickCount=0 brickSize=0b mappedMem=0b (storeSize=38b)
2014-01-26 06:05:07.820+0000 INFO  [o.n.k.i.n.s.StoreFactory]: [/hdd/development/um2/play-gdc-project/public/data/neo4j/graph.db/neostore.labeltokenstore.db] brickCount=0 brickSize=0b mappedMem=0b (storeSize=0b)
2014-01-26 06:05:07.820+0000 INFO  [o.n.k.i.n.s.StoreFactory]: [/hdd/development/um2/play-gdc-project/public/data/neo4j/graph.db/neostore.propertystore.db.strings] brickCount=0 brickSize=550400b mappedMem=550502400b (storeSize=128b)
2014-01-26 06:05:07.820+0000 INFO  [o.n.k.i.n.s.StoreFactory]: [/hdd/development/um2/play-gdc-project/public/data/neo4j/graph.db/neostore.propertystore.db.index.keys] brickCount=0 brickSize=0b mappedMem=0b (storeSize=38b)
2014-01-26 06:05:07.821+0000 INFO  [o.n.k.i.n.s.StoreFactory]: [/hdd/development/um2/play-gdc-project/public/data/neo4j/graph.db/neostore.propertystore.db.index] brickCount=0 brickSize=0b mappedMem=0b (storeSize=0b)
2014-01-26 06:05:07.821+0000 INFO  [o.n.k.i.n.s.StoreFactory]: [/hdd/development/um2/play-gdc-project/public/data/neo4j/graph.db/neostore.propertystore.db.arrays] brickCount=0 brickSize=623872b mappedMem=623902720b (storeSize=128b)
2014-01-26 06:05:07.821+0000 INFO  [o.n.k.i.n.s.StoreFactory]: [/hdd/development/um2/play-gdc-project/public/data/neo4j/graph.db/neostore.propertystore.db] brickCount=0 brickSize=6469677b mappedMem=646971392b (storeSize=0b)
2014-01-26 06:05:07.822+0000 INFO  [o.n.k.i.n.s.StoreFactory]: [/hdd/development/um2/play-gdc-project/public/data/neo4j/graph.db/neostore.relationshipstore.db] brickCount=0 brickSize=7927227b mappedMem=792723456b (storeSize=0b)
2014-01-26 06:05:07.822+0000 INFO  [o.n.k.i.n.s.StoreFactory]: [/hdd/development/um2/play-gdc-project/public/data/neo4j/graph.db/neostore.nodestore.db.labels] brickCount=0 brickSize=0b mappedMem=0b (storeSize=68b)
2014-01-26 06:05:07.822+0000 INFO  [o.n.k.i.n.s.StoreFactory]: [/hdd/development/um2/play-gdc-project/public/data/neo4j/graph.db/neostore.nodestore.db] brickCount=0 brickSize=1793064b mappedMem=179306496b (storeSize=0b)
2014-01-26 06:05:07.823+0000 INFO  [o.n.k.i.n.s.StoreFactory]: [/hdd/development/um2/play-gdc-project/public/data/neo4j/graph.db/neostore.schemastore.db] brickCount=0 brickSize=0b mappedMem=0b (storeSize=64b)
2014-01-26 06:05:07.823+0000 INFO  [o.n.k.i.n.s.StoreFactory]: [/hdd/development/um2/play-gdc-project/public/data/neo4j/graph.db/neostore] brickCount=0 brickSize=0b mappedMem=0b (storeSize=63b)
2014-01-26 06:05:07.868+0000 INFO  [o.n.k.a.i.i.LuceneLabelScanStore]: No lucene scan store index found, this might just be first use. Preparing to rebuild.
2014-01-26 06:05:07.918+0000 INFO  [o.n.k.a.i.i.LuceneLabelScanStore]: No lucene scan store index found, this might just be first use. Preparing to rebuild.
2014-01-26 06:05:08.003+0000 INFO  [o.n.k.i.t.x.XaLogicalLog]: Opened logical log [/hdd/development/um2/play-gdc-project/public/data/neo4j/graph.db/nioneo_logical.log.1] version=0, lastTxId=1 (clean)
2014-01-26 06:05:08.061+0000 INFO  [o.n.k.a.i.i.LuceneLabelScanStore]: Rebuilding lucene scan store, this may take a while
2014-01-26 06:05:08.063+0000 INFO  [o.n.k.a.i.i.LuceneLabelScanStore]: Lucene scan store rebuilt (roughly -1 nodes)
2014-01-26 06:05:08.068+0000 INFO  [o.n.k.i.t.TxManager]: TM new log: tm_tx_log.1
2014-01-26 06:05:08.130+0000 INFO  [o.n.k.i.t.x.XaLogicalLog]: Opened logical log [/hdd/development/um2/play-gdc-project/public/data/neo4j/graph.db/index/lucene.log.1] version=0, lastTxId=1 (clean)
2014-01-26 06:05:08.208+0000 INFO  [o.n.k.i.DiagnosticsManager]: --- STARTED diagnostics for KernelDiagnostics:Versions START ---
2014-01-26 06:05:08.209+0000 INFO  [o.n.k.i.DiagnosticsManager]: Graph Database: org.neo4j.kernel.EmbeddedGraphDatabase StoreId[time:1390716304994, id:4824895640780781770, store version: 13843131341501958]
2014-01-26 06:05:08.209+0000 INFO  [o.n.k.i.DiagnosticsManager]: Kernel version: Neo4j - Graph Database Kernel (neo4j-kernel), version: 2.0.0
2014-01-26 06:05:08.209+0000 INFO  [o.n.k.i.DiagnosticsManager]: Neo4j component versions:
2014-01-26 06:05:08.216+0000 INFO  [o.n.k.i.DiagnosticsManager]:   Neo4j - Lucene Index (neo4j-lucene-index), version: 2.0.0; revision: 2.0.0:master:601/5cfc38672446b92062b3bc209d584591968f1a0f
2014-01-26 06:05:08.216+0000 INFO  [o.n.k.i.DiagnosticsManager]:   Neo4j - JMX support (neo4j-jmx), version: 2.0.0; revision: 2.0.0:master:601/5cfc38672446b92062b3bc209d584591968f1a0f
2014-01-26 06:05:08.216+0000 INFO  [o.n.k.i.DiagnosticsManager]:   Neo4j - Graph Matching (neo4j-graph-matching), version: 2.0.0; revision: 2.0.0:master:601/5cfc38672446b92062b3bc209d584591968f1a0f
2014-01-26 06:05:08.216+0000 INFO  [o.n.k.i.DiagnosticsManager]:   Neo4j Server API (server-api), version: 2.0.0; revision: 2.0.0:master:601/5cfc38672446b92062b3bc209d584591968f1a0f
2014-01-26 06:05:08.216+0000 INFO  [o.n.k.i.DiagnosticsManager]:   Neo4j - Graph Database Kernel (neo4j-kernel), version: 2.0.0; revision: 2.0.0:master:601/5cfc38672446b92062b3bc209d584591968f1a0f
2014-01-26 06:05:08.216+0000 INFO  [o.n.k.i.DiagnosticsManager]:   Neo4j - Cypher (neo4j-cypher), version: 2.0.0; revision: 2.0.0:master:601/5cfc38672446b92062b3bc209d584591968f1a0f
2014-01-26 06:05:08.216+0000 INFO  [o.n.k.i.DiagnosticsManager]:   Neo4j Server (neo4j-server), version: 2.0.0; revision: 2.0.0:master:601/5cfc38672446b92062b3bc209d584591968f1a0f
2014-01-26 06:05:08.216+0000 INFO  [o.n.k.i.DiagnosticsManager]:   Neo4j - Graph Algorithms (neo4j-graph-algo), version: 2.0.0; revision: 2.0.0:master:601/5cfc38672446b92062b3bc209d584591968f1a0f
2014-01-26 06:05:08.216+0000 INFO  [o.n.k.i.DiagnosticsManager]:   Neo4j - Cypher Compiler 2.0 (neo4j-cypher-compiler-2.0), version: 2.0.0; revision: 2.0.0:master:601/5cfc38672446b92062b3bc209d584591968f1a0f
2014-01-26 06:05:08.217+0000 INFO  [o.n.k.i.DiagnosticsManager]:   Neo4j - Generic shell (neo4j-shell), version: 2.0.0; revision: 2.0.0:master:601/5cfc38672446b92062b3bc209d584591968f1a0f
2014-01-26 06:05:08.217+0000 INFO  [o.n.k.i.DiagnosticsManager]:   Neo4j - Cypher Compiler 1.9 (neo4j-cypher-compiler-1.9), version: 2.0.0; revision: 2.0.0:master:601/5cfc38672446b92062b3bc209d584591968f1a0f
2014-01-26 06:05:08.217+0000 INFO  [o.n.k.i.DiagnosticsManager]:   neo4j-udc, version: 2.0.0; revision: 2.0.0:master:601/5cfc38672446b92062b3bc209d584591968f1a0f
2014-01-26 06:05:08.217+0000 INFO  [o.n.k.i.DiagnosticsManager]:   Neo4j - Cypher Commons (neo4j-cypher-commons), version: 2.0.0; revision: 2.0.0:master:601/5cfc38672446b92062b3bc209d584591968f1a0f
2014-01-26 06:05:08.217+0000 INFO  [o.n.k.i.DiagnosticsManager]: --- STARTED diagnostics for KernelDiagnostics:Versions END ---
2014-01-26 06:05:08.219+0000 INFO  [o.n.k.i.DiagnosticsManager]: --- STARTED diagnostics for NEO_STORE_VERSIONS START ---
2014-01-26 06:05:08.219+0000 INFO  [o.n.k.i.DiagnosticsManager]: Store versions:
2014-01-26 06:05:08.219+0000 INFO  [o.n.k.i.DiagnosticsManager]: Store versions:
2014-01-26 06:05:08.219+0000 INFO  [o.n.k.i.DiagnosticsManager]:   NeoStore v0.A.1
2014-01-26 06:05:08.219+0000 INFO  [o.n.k.i.DiagnosticsManager]:   SchemaStore v0.A.1
2014-01-26 06:05:08.219+0000 INFO  [o.n.k.i.DiagnosticsManager]:   NodeStore v0.A.1
2014-01-26 06:05:08.219+0000 INFO  [o.n.k.i.DiagnosticsManager]:   RelationshipStore v0.A.1
2014-01-26 06:05:08.219+0000 INFO  [o.n.k.i.DiagnosticsManager]:   RelationshipTypeStore v0.A.1
2014-01-26 06:05:08.219+0000 INFO  [o.n.k.i.DiagnosticsManager]:   LabelTokenStore v0.A.1
2014-01-26 06:05:08.219+0000 INFO  [o.n.k.i.DiagnosticsManager]:   PropertyStore v0.A.1
2014-01-26 06:05:08.220+0000 INFO  [o.n.k.i.DiagnosticsManager]:   PropertyIndexStore v0.A.1
2014-01-26 06:05:08.220+0000 INFO  [o.n.k.i.DiagnosticsManager]:   StringPropertyStore v0.A.1
2014-01-26 06:05:08.220+0000 INFO  [o.n.k.i.DiagnosticsManager]:   ArrayPropertyStore v0.A.1
2014-01-26 06:05:08.220+0000 INFO  [o.n.k.i.DiagnosticsManager]: --- STARTED diagnostics for NEO_STORE_VERSIONS END ---
2014-01-26 06:05:08.220+0000 INFO  [o.n.k.i.DiagnosticsManager]: --- STARTED diagnostics for NEO_STORE_ID_USAGE START ---
2014-01-26 06:05:08.220+0000 INFO  [o.n.k.i.DiagnosticsManager]: Id usage:
2014-01-26 06:05:08.220+0000 INFO  [o.n.k.i.DiagnosticsManager]: Id usage:
2014-01-26 06:05:08.220+0000 INFO  [o.n.k.i.DiagnosticsManager]:   SchemaStore: used=1 high=0
2014-01-26 06:05:08.220+0000 INFO  [o.n.k.i.DiagnosticsManager]:   NodeStore: used=0 high=-1
2014-01-26 06:05:08.220+0000 INFO  [o.n.k.i.DiagnosticsManager]:   RelationshipStore: used=0 high=-1
2014-01-26 06:05:08.220+0000 INFO  [o.n.k.i.DiagnosticsManager]:   RelationshipTypeStore: used=0 high=-1
2014-01-26 06:05:08.221+0000 INFO  [o.n.k.i.DiagnosticsManager]:   LabelTokenStore: used=0 high=-1
2014-01-26 06:05:08.221+0000 INFO  [o.n.k.i.DiagnosticsManager]:   PropertyStore: used=0 high=-1
2014-01-26 06:05:08.221+0000 INFO  [o.n.k.i.DiagnosticsManager]:   PropertyIndexStore: used=0 high=-1
2014-01-26 06:05:08.221+0000 INFO  [o.n.k.i.DiagnosticsManager]:   StringPropertyStore: used=1 high=0
2014-01-26 06:05:08.221+0000 INFO  [o.n.k.i.DiagnosticsManager]:   ArrayPropertyStore: used=1 high=0
2014-01-26 06:05:08.221+0000 INFO  [o.n.k.i.DiagnosticsManager]: --- STARTED diagnostics for NEO_STORE_ID_USAGE END ---
2014-01-26 06:05:08.221+0000 INFO  [o.n.k.i.DiagnosticsManager]: --- STARTED diagnostics for PERSISTENCE_WINDOW_POOL_STATS START ---
2014-01-26 06:05:08.221+0000 INFO  [o.n.k.i.DiagnosticsManager]: --- STARTED diagnostics for PERSISTENCE_WINDOW_POOL_STATS END ---
2014-01-26 06:05:08.222+0000 INFO  [o.n.k.i.DiagnosticsManager]: --- STARTED diagnostics for KernelDiagnostics:StoreFiles START ---
2014-01-26 06:05:08.222+0000 INFO  [o.n.k.i.DiagnosticsManager]: Disk space on partition (Total / Free / Free %): 326789001216 / 223606894592 / 68
Storage files: (filename : modification date - size)
2014-01-26 06:05:08.222+0000 INFO  [o.n.k.i.DiagnosticsManager]:   neostore.relationshipstore.db: 2014-01-26T07:05:07+0100 - 0.00 B
2014-01-26 06:05:08.223+0000 INFO  [o.n.k.i.DiagnosticsManager]:   active_tx_log: 2014-01-26T07:05:08+0100 - 11.00 B
2014-01-26 06:05:08.223+0000 INFO  [o.n.k.i.DiagnosticsManager]:   index:
2014-01-26 06:05:08.223+0000 INFO  [o.n.k.i.DiagnosticsManager]:     lucene.log.active: 2014-01-26T07:05:08+0100 - 4.00 B
2014-01-26 06:05:08.223+0000 INFO  [o.n.k.i.DiagnosticsManager]:     lucene.log.1: 2014-01-26T07:05:08+0100 - 16.00 B
2014-01-26 06:05:08.224+0000 INFO  [o.n.k.i.DiagnosticsManager]:     lucene-store.db: 2014-01-26T07:05:08+0100 - 40.00 B
2014-01-26 06:05:08.224+0000 INFO  [o.n.k.i.DiagnosticsManager]:   - Total: 2014-01-26T07:05:08+0100 - 60.00 B
2014-01-26 06:05:08.224+0000 INFO  [o.n.k.i.DiagnosticsManager]:   neostore.labeltokenstore.db.names.id: 2014-01-26T07:05:07+0100 - 9.00 B
2014-01-26 06:05:08.224+0000 INFO  [o.n.k.i.DiagnosticsManager]:   neostore.relationshipstore.db.id: 2014-01-26T07:05:07+0100 - 9.00 B
2014-01-26 06:05:08.224+0000 INFO  [o.n.k.i.DiagnosticsManager]:   neostore.relationshiptypestore.db: 2014-01-26T07:05:07+0100 - 0.00 B
2014-01-26 06:05:08.225+0000 INFO  [o.n.k.i.DiagnosticsManager]:   neostore.propertystore.db.arrays.id: 2014-01-26T07:05:07+0100 - 9.00 B
2014-01-26 06:05:08.225+0000 INFO  [o.n.k.i.DiagnosticsManager]:   neostore.nodestore.db: 2014-01-26T07:05:07+0100 - 0.00 B
2014-01-26 06:05:08.225+0000 INFO  [o.n.k.i.DiagnosticsManager]:   neostore.propertystore.db.strings: 2014-01-26T07:05:07+0100 - 128.00 B
2014-01-26 06:05:08.225+0000 INFO  [o.n.k.i.DiagnosticsManager]:   schema:
2014-01-26 06:05:08.225+0000 INFO  [o.n.k.i.DiagnosticsManager]:     label:
2014-01-26 06:05:08.225+0000 INFO  [o.n.k.i.DiagnosticsManager]:       lucene:
2014-01-26 06:05:08.226+0000 INFO  [o.n.k.i.DiagnosticsManager]:         write.lock: 2014-01-26T07:05:07+0100 - 0.00 B
2014-01-26 06:05:08.226+0000 INFO  [o.n.k.i.DiagnosticsManager]:       - Total: 2014-01-26T07:05:07+0100 - 0.00 B
2014-01-26 06:05:08.226+0000 INFO  [o.n.k.i.DiagnosticsManager]:     - Total: 2014-01-26T07:05:07+0100 - 0.00 B
2014-01-26 06:05:08.226+0000 INFO  [o.n.k.i.DiagnosticsManager]:   - Total: 2014-01-26T07:05:07+0100 - 0.00 B
2014-01-26 06:05:08.227+0000 INFO  [o.n.k.i.DiagnosticsManager]:   neostore.propertystore.db.id: 2014-01-26T07:05:07+0100 - 9.00 B
2014-01-26 06:05:08.227+0000 INFO  [o.n.k.i.DiagnosticsManager]:   neostore.labeltokenstore.db.names: 2014-01-26T07:05:07+0100 - 38.00 B
2014-01-26 06:05:08.227+0000 INFO  [o.n.k.i.DiagnosticsManager]:   neostore.propertystore.db: 2014-01-26T07:05:07+0100 - 0.00 B
2014-01-26 06:05:08.227+0000 INFO  [o.n.k.i.DiagnosticsManager]:   tm_tx_log.1: 2014-01-26T07:05:08+0100 - 0.00 B
2014-01-26 06:05:08.228+0000 INFO  [o.n.k.i.DiagnosticsManager]:   neostore.labeltokenstore.db: 2014-01-26T07:05:07+0100 - 0.00 B
2014-01-26 06:05:08.228+0000 INFO  [o.n.k.i.DiagnosticsManager]:   neostore.relationshiptypestore.db.id: 2014-01-26T07:05:07+0100 - 9.00 B
2014-01-26 06:05:08.229+0000 INFO  [o.n.k.i.DiagnosticsManager]:   neostore.propertystore.db.arrays: 2014-01-26T07:05:07+0100 - 128.00 B
2014-01-26 06:05:08.229+0000 INFO  [o.n.k.i.DiagnosticsManager]:   neostore.propertystore.db.index.id: 2014-01-26T07:05:07+0100 - 9.00 B
2014-01-26 06:05:08.229+0000 INFO  [o.n.k.i.DiagnosticsManager]:   store_lock: 2014-01-26T07:05:04+0100 - 0.00 B
2014-01-26 06:05:08.230+0000 INFO  [o.n.k.i.DiagnosticsManager]:   nioneo_logical.log.1: 2014-01-26T07:05:08+0100 - 16.00 B
2014-01-26 06:05:08.230+0000 INFO  [o.n.k.i.DiagnosticsManager]:   neostore: 2014-01-26T07:05:07+0100 - 63.00 B
2014-01-26 06:05:08.230+0000 INFO  [o.n.k.i.DiagnosticsManager]:   neostore.schemastore.db.id: 2014-01-26T07:05:07+0100 - 9.00 B
2014-01-26 06:05:08.231+0000 INFO  [o.n.k.i.DiagnosticsManager]:   neostore.nodestore.db.labels.id: 2014-01-26T07:05:07+0100 - 9.00 B
2014-01-26 06:05:08.231+0000 INFO  [o.n.k.i.DiagnosticsManager]:   neostore.relationshiptypestore.db.names.id: 2014-01-26T07:05:07+0100 - 9.00 B
2014-01-26 06:05:08.231+0000 INFO  [o.n.k.i.DiagnosticsManager]:   neostore.id: 2014-01-26T07:05:07+0100 - 9.00 B
2014-01-26 06:05:08.231+0000 INFO  [o.n.k.i.DiagnosticsManager]:   neostore.schemastore.db: 2014-01-26T07:05:07+0100 - 64.00 B
2014-01-26 06:05:08.232+0000 INFO  [o.n.k.i.DiagnosticsManager]:   neostore.relationshiptypestore.db.names: 2014-01-26T07:05:07+0100 - 38.00 B
2014-01-26 06:05:08.232+0000 INFO  [o.n.k.i.DiagnosticsManager]:   neostore.nodestore.db.labels: 2014-01-26T07:05:07+0100 - 68.00 B
2014-01-26 06:05:08.232+0000 INFO  [o.n.k.i.DiagnosticsManager]:   neostore.propertystore.db.index: 2014-01-26T07:05:07+0100 - 0.00 B
2014-01-26 06:05:08.232+0000 INFO  [o.n.k.i.DiagnosticsManager]:   neostore.nodestore.db.id: 2014-01-26T07:05:07+0100 - 9.00 B
2014-01-26 06:05:08.233+0000 INFO  [o.n.k.i.DiagnosticsManager]:   neostore.labeltokenstore.db.id: 2014-01-26T07:05:07+0100 - 9.00 B
2014-01-26 06:05:08.233+0000 INFO  [o.n.k.i.DiagnosticsManager]:   messages.log: 2014-01-26T07:05:08+0100 - 45.15 kB
2014-01-26 06:05:08.233+0000 INFO  [o.n.k.i.DiagnosticsManager]:   neostore.propertystore.db.index.keys: 2014-01-26T07:05:07+0100 - 38.00 B
2014-01-26 06:05:08.233+0000 INFO  [o.n.k.i.DiagnosticsManager]:   neostore.propertystore.db.strings.id: 2014-01-26T07:05:07+0100 - 9.00 B
2014-01-26 06:05:08.234+0000 INFO  [o.n.k.i.DiagnosticsManager]:   neostore.propertystore.db.index.keys.id: 2014-01-26T07:05:07+0100 - 9.00 B
2014-01-26 06:05:08.234+0000 INFO  [o.n.k.i.DiagnosticsManager]:   nioneo_logical.log.active: 2014-01-26T07:05:08+0100 - 4.00 B
2014-01-26 06:05:08.234+0000 INFO  [o.n.k.i.DiagnosticsManager]:   lock: 2014-01-26T07:05:07+0100 - 0.00 B
2014-01-26 06:05:08.234+0000 INFO  [o.n.k.i.DiagnosticsManager]: --- STARTED diagnostics for KernelDiagnostics:StoreFiles END ---
2014-01-26 06:05:08.258+0000 INFO  [o.n.k.EmbeddedGraphDatabase]: GC Monitor started. 
2014-01-26 06:05:08.259+0000 INFO  [o.n.k.EmbeddedGraphDatabase]: Database is now ready
2014-01-26 06:05:08.259+0000 INFO  [o.n.k.EmbeddedGraphDatabase]: Shutdown started
2014-01-26 06:05:08.259+0000 INFO  [o.n.k.EmbeddedGraphDatabase]: Database is now unavailable
2014-01-26 06:05:08.259+0000 INFO  [o.n.k.EmbeddedGraphDatabase]: GC Monitor stopped. 
2014-01-26 06:05:08.297+0000 INFO  [o.n.k.i.t.x.XaLogicalLog]: Closed log /hdd/development/um2/play-gdc-project/public/data/neo4j/graph.db/index/lucene.log
2014-01-26 06:05:08.331+0000 INFO  [o.n.k.i.t.TxManager]: TM shutting down
2014-01-26 06:05:08.437+0000 INFO  [o.n.k.i.t.x.XaLogicalLog]: Closed log /hdd/development/um2/play-gdc-project/public/data/neo4j/graph.db/nioneo_logical.log
2014-01-26 06:05:08.456+0000 INFO  [o.n.k.i.n.s.StoreFactory]: /hdd/development/um2/play-gdc-project/public/data/neo4j/graph.db/neostore.relationshiptypestore.db.names hit=0 miss=0 switches=0 ooe=0
2014-01-26 06:05:08.510+0000 INFO  [o.n.k.i.n.s.StoreFactory]: /hdd/development/um2/play-gdc-project/public/data/neo4j/graph.db/neostore.relationshiptypestore.db hit=0 miss=0 switches=0 ooe=0
2014-01-26 06:05:08.577+0000 INFO  [o.n.k.i.n.s.StoreFactory]: /hdd/development/um2/play-gdc-project/public/data/neo4j/graph.db/neostore.labeltokenstore.db.names hit=0 miss=0 switches=0 ooe=0
2014-01-26 06:05:08.655+0000 INFO  [o.n.k.i.n.s.StoreFactory]: /hdd/development/um2/play-gdc-project/public/data/neo4j/graph.db/neostore.labeltokenstore.db hit=0 miss=0 switches=0 ooe=0
2014-01-26 06:05:08.722+0000 INFO  [o.n.k.i.n.s.StoreFactory]: /hdd/development/um2/play-gdc-project/public/data/neo4j/graph.db/neostore.propertystore.db.strings hit=0 miss=0 switches=0 ooe=0
2014-01-26 06:05:08.834+0000 INFO  [o.n.k.i.n.s.StoreFactory]: /hdd/development/um2/play-gdc-project/public/data/neo4j/graph.db/neostore.propertystore.db.index.keys hit=0 miss=0 switches=0 ooe=0
2014-01-26 06:05:08.900+0000 INFO  [o.n.k.i.n.s.StoreFactory]: /hdd/development/um2/play-gdc-project/public/data/neo4j/graph.db/neostore.propertystore.db.index hit=0 miss=0 switches=0 ooe=0
2014-01-26 06:05:08.978+0000 INFO  [o.n.k.i.n.s.StoreFactory]: /hdd/development/um2/play-gdc-project/public/data/neo4j/graph.db/neostore.propertystore.db.arrays hit=0 miss=0 switches=0 ooe=0
2014-01-26 06:05:09.045+0000 INFO  [o.n.k.i.n.s.StoreFactory]: /hdd/development/um2/play-gdc-project/public/data/neo4j/graph.db/neostore.propertystore.db hit=0 miss=0 switches=0 ooe=0
2014-01-26 06:05:09.112+0000 INFO  [o.n.k.i.n.s.StoreFactory]: /hdd/development/um2/play-gdc-project/public/data/neo4j/graph.db/neostore.relationshipstore.db hit=0 miss=0 switches=0 ooe=0
2014-01-26 06:05:09.179+0000 INFO  [o.n.k.i.n.s.StoreFactory]: /hdd/development/um2/play-gdc-project/public/data/neo4j/graph.db/neostore.nodestore.db.labels hit=0 miss=0 switches=0 ooe=0
2014-01-26 06:05:09.246+0000 INFO  [o.n.k.i.n.s.StoreFactory]: /hdd/development/um2/play-gdc-project/public/data/neo4j/graph.db/neostore.nodestore.db hit=0 miss=0 switches=0 ooe=0
2014-01-26 06:05:09.343+0000 INFO  [o.n.k.i.n.s.StoreFactory]: /hdd/development/um2/play-gdc-project/public/data/neo4j/graph.db/neostore.schemastore.db hit=0 miss=0 switches=0 ooe=0
2014-01-26 06:05:09.423+0000 INFO  [o.n.k.i.n.s.StoreFactory]: /hdd/development/um2/play-gdc-project/public/data/neo4j/graph.db/neostore hit=0 miss=16 switches=0 ooe=0
2014-01-26 06:05:09.490+0000 INFO  [o.n.k.i.n.x.NeoStoreXaDataSource]: NeoStore closed
2014-01-26 06:05:09.491+0000 INFO  [o.n.k.i.DiagnosticsManager]: --- STOPPING diagnostics START ---
2014-01-26 06:05:09.491+0000 INFO  [o.n.k.i.DiagnosticsManager]: --- STOPPING diagnostics END ---
2014-01-26 06:05:09.524+0000 INFO  [o.n.k.i.DiagnosticsManager]: --- INITIALIZED diagnostics START ---
2014-01-26 06:05:09.524+0000 INFO  [o.n.k.i.DiagnosticsManager]: Neo4j Kernel properties:
2014-01-26 06:05:09.524+0000 INFO  [o.n.k.i.DiagnosticsManager]: neostore.propertystore.db.mapped_memory=617M
2014-01-26 06:05:09.524+0000 INFO  [o.n.k.i.DiagnosticsManager]: neo_store=/hdd/development/um2/play-gdc-project/public/data/neo4j/graph.db/neostore
2014-01-26 06:05:09.524+0000 INFO  [o.n.k.i.DiagnosticsManager]: neostore.nodestore.db.mapped_memory=171M
2014-01-26 06:05:09.524+0000 INFO  [o.n.k.i.DiagnosticsManager]: neostore.propertystore.db.strings.mapped_memory=525M
2014-01-26 06:05:09.524+0000 INFO  [o.n.k.i.DiagnosticsManager]: neo4j.ext.udc.source=server
2014-01-26 06:05:09.524+0000 INFO  [o.n.k.i.DiagnosticsManager]: store_dir=/hdd/development/um2/play-gdc-project/public/data/neo4j/graph.db
2014-01-26 06:05:09.524+0000 INFO  [o.n.k.i.DiagnosticsManager]: neostore.relationshipstore.db.mapped_memory=756M
2014-01-26 06:05:09.524+0000 INFO  [o.n.k.i.DiagnosticsManager]: keep_logical_logs=true
2014-01-26 06:05:09.524+0000 INFO  [o.n.k.i.DiagnosticsManager]: neostore.propertystore.db.arrays.mapped_memory=595M
2014-01-26 06:05:09.524+0000 INFO  [o.n.k.i.DiagnosticsManager]: remote_shell_enabled=true
2014-01-26 06:05:09.524+0000 INFO  [o.n.k.i.DiagnosticsManager]: ephemeral=false
2014-01-26 06:05:09.524+0000 INFO  [o.n.k.i.DiagnosticsManager]: Diagnostics providers:
2014-01-26 06:05:09.524+0000 INFO  [o.n.k.i.DiagnosticsManager]: org.neo4j.kernel.configuration.Config
2014-01-26 06:05:09.524+0000 INFO  [o.n.k.i.DiagnosticsManager]: org.neo4j.kernel.info.DiagnosticsManager
2014-01-26 06:05:09.524+0000 INFO  [o.n.k.i.DiagnosticsManager]: SYSTEM_MEMORY
2014-01-26 06:05:09.525+0000 INFO  [o.n.k.i.DiagnosticsManager]: JAVA_MEMORY
2014-01-26 06:05:09.525+0000 INFO  [o.n.k.i.DiagnosticsManager]: OPERATING_SYSTEM
2014-01-26 06:05:09.525+0000 INFO  [o.n.k.i.DiagnosticsManager]: JAVA_VIRTUAL_MACHINE
2014-01-26 06:05:09.525+0000 INFO  [o.n.k.i.DiagnosticsManager]: CLASSPATH
2014-01-26 06:05:09.525+0000 INFO  [o.n.k.i.DiagnosticsManager]: LIBRARY_PATH
2014-01-26 06:05:09.525+0000 INFO  [o.n.k.i.DiagnosticsManager]: SYSTEM_PROPERTIES
2014-01-26 06:05:09.525+0000 INFO  [o.n.k.i.DiagnosticsManager]: LINUX_SCHEDULERS
2014-01-26 06:05:09.525+0000 INFO  [o.n.k.i.DiagnosticsManager]: NETWORK
2014-01-26 06:05:09.525+0000 INFO  [o.n.k.i.DiagnosticsManager]: System memory information:
2014-01-26 06:05:09.525+0000 INFO  [o.n.k.i.DiagnosticsManager]: Total Physical memory: 7.69 GB
2014-01-26 06:05:09.525+0000 INFO  [o.n.k.i.DiagnosticsManager]: Free Physical memory: 761.84 MB
2014-01-26 06:05:09.526+0000 INFO  [o.n.k.i.DiagnosticsManager]: Committed virtual memory: 3.40 GB
2014-01-26 06:05:09.526+0000 INFO  [o.n.k.i.DiagnosticsManager]: Total swap space: 7.89 GB
2014-01-26 06:05:09.526+0000 INFO  [o.n.k.i.DiagnosticsManager]: Free swap space: 7.89 GB
2014-01-26 06:05:09.526+0000 INFO  [o.n.k.i.DiagnosticsManager]: JVM memory information:
2014-01-26 06:05:09.526+0000 INFO  [o.n.k.i.DiagnosticsManager]: Free  memory: 105.22 MB
2014-01-26 06:05:09.527+0000 INFO  [o.n.k.i.DiagnosticsManager]: Total memory: 119.00 MB
2014-01-26 06:05:09.527+0000 INFO  [o.n.k.i.DiagnosticsManager]: Max   memory: 1.89 GB
2014-01-26 06:05:09.527+0000 INFO  [o.n.k.i.DiagnosticsManager]: Garbage Collector: ParNew: [Par Eden Space, Par Survivor Space]
2014-01-26 06:05:09.527+0000 INFO  [o.n.k.i.DiagnosticsManager]: Garbage Collector: ConcurrentMarkSweep: [Par Eden Space, Par Survivor Space, CMS Old Gen, CMS Perm Gen]
2014-01-26 06:05:09.527+0000 INFO  [o.n.k.i.DiagnosticsManager]: Memory Pool: Code Cache (Non-heap memory): committed=2.44 MB, used=725.38 kB, max=48.00 MB, threshold=0.00 B
2014-01-26 06:05:09.528+0000 INFO  [o.n.k.i.DiagnosticsManager]: Memory Pool: Par Eden Space (Heap memory): committed=32.88 MB, used=3.62 MB, max=266.25 MB, threshold=?
2014-01-26 06:05:09.528+0000 INFO  [o.n.k.i.DiagnosticsManager]: Memory Pool: Par Survivor Space (Heap memory): committed=4.06 MB, used=4.06 MB, max=33.25 MB, threshold=?
2014-01-26 06:05:09.529+0000 INFO  [o.n.k.i.DiagnosticsManager]: Memory Pool: CMS Old Gen (Heap memory): committed=82.06 MB, used=6.10 MB, max=1.60 GB, threshold=0.00 B
2014-01-26 06:05:09.529+0000 INFO  [o.n.k.i.DiagnosticsManager]: Memory Pool: CMS Perm Gen (Non-heap memory): committed=20.75 MB, used=16.64 MB, max=82.00 MB, threshold=0.00 B
2014-01-26 06:05:09.529+0000 INFO  [o.n.k.i.DiagnosticsManager]: Operating system information:
2014-01-26 06:05:09.529+0000 INFO  [o.n.k.i.DiagnosticsManager]: Operating System: Linux; version: 3.5.0-45-generic; arch: amd64; cpus: 4
2014-01-26 06:05:09.530+0000 INFO  [o.n.k.i.DiagnosticsManager]: Max number of file descriptors: 4096
2014-01-26 06:05:09.530+0000 INFO  [o.n.k.i.DiagnosticsManager]: Number of open file descriptors: 71
2014-01-26 06:05:09.530+0000 INFO  [o.n.k.i.DiagnosticsManager]: Process id: 24460@apps-server
2014-01-26 06:05:09.530+0000 INFO  [o.n.k.i.DiagnosticsManager]: Byte order: LITTLE_ENDIAN
2014-01-26 06:05:09.530+0000 INFO  [o.n.k.i.DiagnosticsManager]: Local timezone: Europe/Paris
2014-01-26 06:05:09.530+0000 INFO  [o.n.k.i.DiagnosticsManager]: JVM information:
2014-01-26 06:05:09.530+0000 INFO  [o.n.k.i.DiagnosticsManager]: VM Name: Java HotSpot(TM) 64-Bit Server VM
2014-01-26 06:05:09.530+0000 INFO  [o.n.k.i.DiagnosticsManager]: VM Vendor: Oracle Corporation
2014-01-26 06:05:09.530+0000 INFO  [o.n.k.i.DiagnosticsManager]: VM Version: 24.0-b56
2014-01-26 06:05:09.530+0000 INFO  [o.n.k.i.DiagnosticsManager]: JIT compiler: HotSpot 64-Bit Tiered Compilers
2014-01-26 06:05:09.530+0000 INFO  [o.n.k.i.DiagnosticsManager]: VM Arguments: [-XX:+DisableExplicitGC, -Dorg.neo4j.server.properties=conf/neo4j-server.properties, -Djava.util.logging.config.file=conf/logging.properties, -Dlog4j.configuration=file:conf/log4j.properties, -XX:+UseConcMarkSweepGC, -XX:+CMSClassUnloadingEnabled, -Dneo4j.home=/hdd/applications/neo4j-community, -Dneo4j.instance=/hdd/applications/neo4j-community, -Dfile.encoding=UTF-8]
2014-01-26 06:05:09.530+0000 INFO  [o.n.k.i.DiagnosticsManager]: Java classpath:
2014-01-26 06:05:09.533+0000 INFO  [o.n.k.i.DiagnosticsManager]:  [classpath + loader.0] file:/hdd/applications/neo4j-community/system/lib/rrd4j-2.0.7.jar
2014-01-26 06:05:09.533+0000 INFO  [o.n.k.i.DiagnosticsManager]:  [classpath + loader.0] file:/hdd/applications/neo4j-community/system/lib/jetty-util-9.0.5.v20130815.jar
2014-01-26 06:05:09.533+0000 INFO  [o.n.k.i.DiagnosticsManager]:  [classpath + loader.0] file:/hdd/applications/neo4j-community/lib/scala-library-2.10.3.jar
2014-01-26 06:05:09.533+0000 INFO  [o.n.k.i.DiagnosticsManager]:  [classpath + loader.0] file:/hdd/applications/neo4j-community/system/lib/logback-classic-1.0.9.jar
2014-01-26 06:05:09.533+0000 INFO  [o.n.k.i.DiagnosticsManager]:  [classpath + loader.0] file:/hdd/applications/neo4j-community/lib/concurrentlinkedhashmap-lru-1.3.1.jar
2014-01-26 06:05:09.533+0000 INFO  [o.n.k.i.DiagnosticsManager]:  [classpath + loader.0] file:/hdd/applications/neo4j-community/system/lib/logback-access-1.0.9.jar
2014-01-26 06:05:09.533+0000 INFO  [o.n.k.i.DiagnosticsManager]:  [classpath + loader.0] file:/hdd/applications/neo4j-community/lib/neo4j-kernel-2.0.0.jar
2014-01-26 06:05:09.534+0000 INFO  [o.n.k.i.DiagnosticsManager]:  [classpath + loader.0] file:/hdd/applications/neo4j-community/system/lib/jetty-webapp-9.0.5.v20130815.jar
2014-01-26 06:05:09.534+0000 INFO  [o.n.k.i.DiagnosticsManager]:  [classpath + loader.0] file:/hdd/applications/neo4j-community/system/lib/slf4j-api-1.6.2.jar
2014-01-26 06:05:09.534+0000 INFO  [o.n.k.i.DiagnosticsManager]:  [classpath + loader.0] file:/hdd/applications/neo4j-community/system/lib/neo4j-browser-2.0.0.jar
2014-01-26 06:05:09.534+0000 INFO  [o.n.k.i.DiagnosticsManager]:  [classpath + loader.0] file:/hdd/applications/neo4j-community/system/lib/jetty-xml-9.0.5.v20130815.jar
2014-01-26 06:05:09.534+0000 INFO  [o.n.k.i.DiagnosticsManager]:  [classpath + loader.0] file:/hdd/applications/neo4j-community/system/lib/jersey-server-1.9.jar
2014-01-26 06:05:09.534+0000 INFO  [o.n.k.i.DiagnosticsManager]:  [bootstrap] /usr/lib/jvm/jdk1.7.0_40/jre/lib/charsets.jar
2014-01-26 06:05:09.534+0000 INFO  [o.n.k.i.DiagnosticsManager]:  [classpath + loader.0] file:/hdd/applications/neo4j-community/system/lib/logback-core-1.0.9.jar
2014-01-26 06:05:09.534+0000 INFO  [o.n.k.i.DiagnosticsManager]:  [classpath + loader.0] file:/hdd/applications/neo4j-community/system/lib/commons-lang-2.4.jar
2014-01-26 06:05:09.534+0000 INFO  [o.n.k.i.DiagnosticsManager]:  [classpath + loader.0] file:/hdd/applications/neo4j-community/system/lib/asm-3.1.jar
2014-01-26 06:05:09.534+0000 INFO  [o.n.k.i.DiagnosticsManager]:  [bootstrap] /usr/lib/jvm/jdk1.7.0_40/jre/lib/jfr.jar
2014-01-26 06:05:09.534+0000 INFO  [o.n.k.i.DiagnosticsManager]:  [classpath + loader.0] file:/hdd/applications/neo4j-community/system/lib/jackson-mapper-asl-1.9.7.jar
2014-01-26 06:05:09.534+0000 INFO  [o.n.k.i.DiagnosticsManager]:  [bootstrap] /usr/lib/jvm/jdk1.7.0_40/jre/lib/sunrsasign.jar
2014-01-26 06:05:09.534+0000 INFO  [o.n.k.i.DiagnosticsManager]:  [loader.1] file:/usr/lib/jvm/jdk1.7.0_40/jre/lib/ext/sunpkcs11.jar
2014-01-26 06:05:09.534+0000 INFO  [o.n.k.i.DiagnosticsManager]:  [classpath + loader.0] file:/hdd/applications/neo4j-community/system/lib/commons-logging-1.1.1.jar
2014-01-26 06:05:09.534+0000 INFO  [o.n.k.i.DiagnosticsManager]:  [classpath + loader.0] file:/hdd/applications/neo4j-community/lib/lucene-core-3.6.2.jar
2014-01-26 06:05:09.534+0000 INFO  [o.n.k.i.DiagnosticsManager]:  [bootstrap] /usr/lib/jvm/jdk1.7.0_40/jre/lib/jsse.jar
2014-01-26 06:05:09.534+0000 INFO  [o.n.k.i.DiagnosticsManager]:  [classpath + loader.0] file:/hdd/applications/neo4j-community/system/lib/jsr311-api-1.1.2.r612.jar
2014-01-26 06:05:09.535+0000 INFO  [o.n.k.i.DiagnosticsManager]:  [bootstrap] /usr/lib/jvm/jdk1.7.0_40/jre/lib/resources.jar
2014-01-26 06:05:09.535+0000 INFO  [o.n.k.i.DiagnosticsManager]:  [classpath + loader.0] file:/hdd/applications/neo4j-community/system/lib/jetty-server-9.0.5.v20130815.jar
2014-01-26 06:05:09.535+0000 INFO  [o.n.k.i.DiagnosticsManager]:  [classpath + loader.0] file:/hdd/applications/neo4j-community/lib/neo4j-cypher-compiler-2.0-2.0.0.jar
2014-01-26 06:05:09.535+0000 INFO  [o.n.k.i.DiagnosticsManager]:  [classpath + loader.0] file:/hdd/applications/neo4j-community/lib/neo4j-jmx-2.0.0.jar
2014-01-26 06:05:09.535+0000 INFO  [o.n.k.i.DiagnosticsManager]:  [classpath + loader.0] file:/hdd/applications/neo4j-community/system/lib/commons-compiler-2.6.1.jar
2014-01-26 06:05:09.535+0000 INFO  [o.n.k.i.DiagnosticsManager]:  [classpath + loader.0] file:/hdd/applications/neo4j-community/system/lib/bcprov-jdk16-140.jar
2014-01-26 06:05:09.535+0000 INFO  [o.n.k.i.DiagnosticsManager]:  [bootstrap] /usr/lib/jvm/jdk1.7.0_40/jre/lib/rt.jar
2014-01-26 06:05:09.535+0000 INFO  [o.n.k.i.DiagnosticsManager]:  [classpath + loader.0] file:/hdd/applications/neo4j-community/lib/neo4j-graph-algo-2.0.0.jar
2014-01-26 06:05:09.535+0000 INFO  [o.n.k.i.DiagnosticsManager]:  [classpath + loader.0] file:/hdd/applications/neo4j-community/system/lib/commons-configuration-1.6.jar
2014-01-26 06:05:09.535+0000 INFO  [o.n.k.i.DiagnosticsManager]:  [bootstrap] /usr/lib/jvm/jdk1.7.0_40/jre/lib/jce.jar
2014-01-26 06:05:09.535+0000 INFO  [o.n.k.i.DiagnosticsManager]:  [classpath + loader.0] file:/hdd/applications/neo4j-community/lib/parboiled-core-1.1.6.jar
2014-01-26 06:05:09.535+0000 INFO  [o.n.k.i.DiagnosticsManager]:  [classpath + loader.0] file:/hdd/applications/neo4j-community/lib/neo4j-graph-matching-2.0.0.jar
2014-01-26 06:05:09.535+0000 INFO  [o.n.k.i.DiagnosticsManager]:  [classpath + loader.0] file:/hdd/applications/neo4j-community/lib/org.apache.servicemix.bundles.jline-0.9.94_1.jar
2014-01-26 06:05:09.535+0000 INFO  [o.n.k.i.DiagnosticsManager]:  [loader.1] file:/usr/lib/jvm/jdk1.7.0_40/jre/lib/ext/localedata.jar
2014-01-26 06:05:09.535+0000 INFO  [o.n.k.i.DiagnosticsManager]:  [loader.1] file:/usr/lib/jvm/jdk1.7.0_40/jre/lib/ext/zipfs.jar
2014-01-26 06:05:09.535+0000 INFO  [o.n.k.i.DiagnosticsManager]:  [classpath + loader.0] file:/hdd/applications/neo4j-community/system/lib/jersey-core-1.9.jar
2014-01-26 06:05:09.536+0000 INFO  [o.n.k.i.DiagnosticsManager]:  [classpath + loader.0] file:/hdd/applications/neo4j-community/system/lib/jackson-jaxrs-1.9.7.jar
2014-01-26 06:05:09.536+0000 INFO  [o.n.k.i.DiagnosticsManager]:  [classpath + loader.0] file:/hdd/applications/neo4j-community/lib/neo4j-udc-2.0.0.jar
2014-01-26 06:05:09.536+0000 INFO  [o.n.k.i.DiagnosticsManager]:  [classpath + loader.0] file:/hdd/applications/neo4j-community/lib/server-api-2.0.0.jar
2014-01-26 06:05:09.536+0000 INFO  [o.n.k.i.DiagnosticsManager]:  [classpath + loader.0] file:/hdd/applications/neo4j-community/system/lib/commons-beanutils-core-1.8.0.jar
2014-01-26 06:05:09.536+0000 INFO  [o.n.k.i.DiagnosticsManager]:  [loader.1] file:/usr/lib/jvm/jdk1.7.0_40/jre/lib/ext/dnsns.jar
2014-01-26 06:05:09.536+0000 INFO  [o.n.k.i.DiagnosticsManager]:  [loader.1] file:/usr/lib/jvm/jdk1.7.0_40/jre/lib/ext/sunec.jar
2014-01-26 06:05:09.536+0000 INFO  [o.n.k.i.DiagnosticsManager]:  [classpath + loader.0] file:/hdd/applications/neo4j-community/system/lib/rhino-1.7R3.jar
2014-01-26 06:05:09.536+0000 INFO  [o.n.k.i.DiagnosticsManager]:  [classpath + loader.0] file:/hdd/applications/neo4j-community/system/lib/commons-beanutils-1.8.0.jar
2014-01-26 06:05:09.536+0000 INFO  [o.n.k.i.DiagnosticsManager]:  [classpath + loader.0] file:/hdd/applications/neo4j-community/system/lib/commons-digester-1.8.1.jar
2014-01-26 06:05:09.536+0000 INFO  [o.n.k.i.DiagnosticsManager]:  [classpath + loader.0] file:/hdd/applications/neo4j-community/lib/parboiled-scala_2.10-1.1.6.jar
2014-01-26 06:05:09.536+0000 INFO  [o.n.k.i.DiagnosticsManager]:  [classpath + loader.0] file:/hdd/applications/neo4j-community/lib/neo4j-cypher-compiler-1.9-2.0.0.jar
2014-01-26 06:05:09.536+0000 INFO  [o.n.k.i.DiagnosticsManager]:  [classpath + loader.0] file:/hdd/applications/neo4j-community/system/lib/commons-collections-3.2.1.jar
2014-01-26 06:05:09.536+0000 INFO  [o.n.k.i.DiagnosticsManager]:  [classpath + loader.0] file:/hdd/applications/neo4j-community/lib/geronimo-jta_1.1_spec-1.1.1.jar
2014-01-26 06:05:09.536+0000 INFO  [o.n.k.i.DiagnosticsManager]:  [classpath + loader.0] file:/hdd/applications/neo4j-community/system/lib/jcl-over-slf4j-1.6.1.jar
2014-01-26 06:05:09.536+0000 INFO  [o.n.k.i.DiagnosticsManager]:  [classpath + loader.0] file:/hdd/applications/neo4j-community/system/lib/jetty-security-9.0.5.v20130815.jar
2014-01-26 06:05:09.536+0000 INFO  [o.n.k.i.DiagnosticsManager]:  [classpath + loader.0] file:/hdd/applications/neo4j-community/system/lib/jetty-servlet-9.0.5.v20130815.jar
2014-01-26 06:05:09.536+0000 INFO  [o.n.k.i.DiagnosticsManager]:  [classpath + loader.0] file:/hdd/applications/neo4j-community/system/lib/neo4j-server-2.0.0-static-web.jar
2014-01-26 06:05:09.537+0000 INFO  [o.n.k.i.DiagnosticsManager]:  [classpath + loader.0] file:/hdd/applications/neo4j-community/system/lib/javax.servlet-3.0.0.v201112011016.jar
2014-01-26 06:05:09.537+0000 INFO  [o.n.k.i.DiagnosticsManager]:  [classpath + loader.0] file:/hdd/applications/neo4j-community/system/lib/jackson-core-asl-1.9.7.jar
2014-01-26 06:05:09.537+0000 INFO  [o.n.k.i.DiagnosticsManager]:  [classpath + loader.0] file:/hdd/applications/neo4j-community/system/lib/jetty-http-9.0.5.v20130815.jar
2014-01-26 06:05:09.537+0000 INFO  [o.n.k.i.DiagnosticsManager]:  [classpath + loader.0] file:/hdd/applications/neo4j-community/system/lib/neo4j-server-2.0.0.jar
2014-01-26 06:05:09.537+0000 INFO  [o.n.k.i.DiagnosticsManager]:  [classpath + loader.0] file:/hdd/applications/neo4j-community/lib/neo4j-shell-2.0.0.jar
2014-01-26 06:05:09.537+0000 INFO  [o.n.k.i.DiagnosticsManager]:  [bootstrap] /usr/lib/jvm/jdk1.7.0_40/jre/classes
2014-01-26 06:05:09.537+0000 INFO  [o.n.k.i.DiagnosticsManager]:  [classpath + loader.0] file:/hdd/applications/neo4j-community/lib/neo4j-lucene-index-2.0.0.jar
2014-01-26 06:05:09.537+0000 INFO  [o.n.k.i.DiagnosticsManager]:  [loader.1] file:/usr/lib/jvm/jdk1.7.0_40/jre/lib/ext/sunjce_provider.jar
2014-01-26 06:05:09.537+0000 INFO  [o.n.k.i.DiagnosticsManager]:  [classpath + loader.0] file:/hdd/applications/neo4j-community/system/lib/commons-io-1.4.jar
2014-01-26 06:05:09.537+0000 INFO  [o.n.k.i.DiagnosticsManager]:  [classpath + loader.0] file:/hdd/applications/neo4j-community/system/lib/jetty-io-9.0.5.v20130815.jar
2014-01-26 06:05:09.537+0000 INFO  [o.n.k.i.DiagnosticsManager]:  [classpath + loader.0] file:/hdd/applications/neo4j-community/conf/
2014-01-26 06:05:09.537+0000 INFO  [o.n.k.i.DiagnosticsManager]:  [classpath + loader.0] file:/hdd/applications/neo4j-community/lib/neo4j-cypher-commons-2.0.0.jar
2014-01-26 06:05:09.537+0000 INFO  [o.n.k.i.DiagnosticsManager]:  [classpath + loader.0] file:/hdd/applications/neo4j-community/lib/neo4j-cypher-2.0.0.jar
2014-01-26 06:05:09.537+0000 INFO  [o.n.k.i.DiagnosticsManager]:  [classpath + loader.0] file:/hdd/applications/neo4j-community/system/lib/jersey-multipart-1.9.jar
2014-01-26 06:05:09.537+0000 INFO  [o.n.k.i.DiagnosticsManager]:  [classpath + loader.0] file:/hdd/applications/neo4j-community/system/lib/janino-2.6.1.jar
2014-01-26 06:05:09.537+0000 INFO  [o.n.k.i.DiagnosticsManager]:  [classpath + loader.0] file:/hdd/applications/neo4j-community/system/lib/mimepull-1.6.jar
2014-01-26 06:05:09.537+0000 INFO  [o.n.k.i.DiagnosticsManager]: Library path:
2014-01-26 06:05:09.538+0000 INFO  [o.n.k.i.DiagnosticsManager]: /usr/java/packages/lib/amd64
2014-01-26 06:05:09.538+0000 INFO  [o.n.k.i.DiagnosticsManager]: /usr/lib64
2014-01-26 06:05:09.538+0000 INFO  [o.n.k.i.DiagnosticsManager]: /lib64
2014-01-26 06:05:09.538+0000 INFO  [o.n.k.i.DiagnosticsManager]: /lib
2014-01-26 06:05:09.538+0000 INFO  [o.n.k.i.DiagnosticsManager]: /usr/lib
2014-01-26 06:05:09.538+0000 INFO  [o.n.k.i.DiagnosticsManager]: System.properties:
2014-01-26 06:05:09.538+0000 INFO  [o.n.k.i.DiagnosticsManager]: sun.boot.library.path = /usr/lib/jvm/jdk1.7.0_40/jre/lib/amd64
2014-01-26 06:05:09.538+0000 INFO  [o.n.k.i.DiagnosticsManager]: org.neo4j.server.properties = conf/neo4j-server.properties
2014-01-26 06:05:09.538+0000 INFO  [o.n.k.i.DiagnosticsManager]: path.separator = :
2014-01-26 06:05:09.538+0000 INFO  [o.n.k.i.DiagnosticsManager]: file.encoding.pkg = sun.io
2014-01-26 06:05:09.538+0000 INFO  [o.n.k.i.DiagnosticsManager]: user.country = US
2014-01-26 06:05:09.538+0000 INFO  [o.n.k.i.DiagnosticsManager]: sun.java.launcher = SUN_STANDARD
2014-01-26 06:05:09.538+0000 INFO  [o.n.k.i.DiagnosticsManager]: sun.os.patch.level = unknown
2014-01-26 06:05:09.538+0000 INFO  [o.n.k.i.DiagnosticsManager]: user.dir = /hdd/applications/neo4j-community
2014-01-26 06:05:09.539+0000 INFO  [o.n.k.i.DiagnosticsManager]: log4j.configuration = file:conf/log4j.properties
2014-01-26 06:05:09.539+0000 INFO  [o.n.k.i.DiagnosticsManager]: sun.jnu.encoding = UTF-8
2014-01-26 06:05:09.539+0000 INFO  [o.n.k.i.DiagnosticsManager]: sun.management.compiler = HotSpot 64-Bit Tiered Compilers
2014-01-26 06:05:09.539+0000 INFO  [o.n.k.i.DiagnosticsManager]: user.home = /home/tirider
2014-01-26 06:05:09.539+0000 INFO  [o.n.k.i.DiagnosticsManager]: user.timezone = Europe/Paris
2014-01-26 06:05:09.539+0000 INFO  [o.n.k.i.DiagnosticsManager]: file.encoding = UTF-8
2014-01-26 06:05:09.539+0000 INFO  [o.n.k.i.DiagnosticsManager]: user.name = tirider
2014-01-26 06:05:09.539+0000 INFO  [o.n.k.i.DiagnosticsManager]: sun.java.command = org.neo4j.server.Bootstrapper
2014-01-26 06:05:09.539+0000 INFO  [o.n.k.i.DiagnosticsManager]: sun.arch.data.model = 64
2014-01-26 06:05:09.539+0000 INFO  [o.n.k.i.DiagnosticsManager]: user.language = en
2014-01-26 06:05:09.539+0000 INFO  [o.n.k.i.DiagnosticsManager]: awt.toolkit = sun.awt.X11.XToolkit
2014-01-26 06:05:09.539+0000 INFO  [o.n.k.i.DiagnosticsManager]: file.separator = /
2014-01-26 06:05:09.539+0000 INFO  [o.n.k.i.DiagnosticsManager]: sun.io.unicode.encoding = UnicodeLittle
2014-01-26 06:05:09.539+0000 INFO  [o.n.k.i.DiagnosticsManager]: sun.cpu.endian = little
2014-01-26 06:05:09.539+0000 INFO  [o.n.k.i.DiagnosticsManager]: neo4j.instance = /hdd/applications/neo4j-community
2014-01-26 06:05:09.539+0000 INFO  [o.n.k.i.DiagnosticsManager]: sun.desktop = gnome
2014-01-26 06:05:09.540+0000 INFO  [o.n.k.i.DiagnosticsManager]: neo4j.home = /hdd/applications/neo4j-community
2014-01-26 06:05:09.540+0000 INFO  [o.n.k.i.DiagnosticsManager]: sun.cpu.isalist = 
2014-01-26 06:05:09.540+0000 INFO  [o.n.k.i.DiagnosticsManager]: Linux scheduler information:
2014-01-26 06:05:09.540+0000 INFO  [o.n.k.i.DiagnosticsManager]: noop [deadline] cfq 
2014-01-26 06:05:09.540+0000 INFO  [o.n.k.i.DiagnosticsManager]: noop [deadline] cfq 
2014-01-26 06:05:09.541+0000 INFO  [o.n.k.i.DiagnosticsManager]: noop [deadline] cfq 
2014-01-26 06:05:09.541+0000 INFO  [o.n.k.i.DiagnosticsManager]: none
2014-01-26 06:05:09.541+0000 INFO  [o.n.k.i.DiagnosticsManager]: none
2014-01-26 06:05:09.541+0000 INFO  [o.n.k.i.DiagnosticsManager]: none
2014-01-26 06:05:09.541+0000 INFO  [o.n.k.i.DiagnosticsManager]: none
2014-01-26 06:05:09.541+0000 INFO  [o.n.k.i.DiagnosticsManager]: none
2014-01-26 06:05:09.541+0000 INFO  [o.n.k.i.DiagnosticsManager]: none
2014-01-26 06:05:09.541+0000 INFO  [o.n.k.i.DiagnosticsManager]: none
2014-01-26 06:05:09.542+0000 INFO  [o.n.k.i.DiagnosticsManager]: none
2014-01-26 06:05:09.542+0000 INFO  [o.n.k.i.DiagnosticsManager]: none
2014-01-26 06:05:09.542+0000 INFO  [o.n.k.i.DiagnosticsManager]: none
2014-01-26 06:05:09.542+0000 INFO  [o.n.k.i.DiagnosticsManager]: none
2014-01-26 06:05:09.542+0000 INFO  [o.n.k.i.DiagnosticsManager]: none
2014-01-26 06:05:09.542+0000 INFO  [o.n.k.i.DiagnosticsManager]: none
2014-01-26 06:05:09.542+0000 INFO  [o.n.k.i.DiagnosticsManager]: none
2014-01-26 06:05:09.543+0000 INFO  [o.n.k.i.DiagnosticsManager]: none
2014-01-26 06:05:09.543+0000 INFO  [o.n.k.i.DiagnosticsManager]: none
2014-01-26 06:05:09.543+0000 INFO  [o.n.k.i.DiagnosticsManager]: none
2014-01-26 06:05:09.543+0000 INFO  [o.n.k.i.DiagnosticsManager]: none
2014-01-26 06:05:09.543+0000 INFO  [o.n.k.i.DiagnosticsManager]: none
2014-01-26 06:05:09.547+0000 INFO  [o.n.k.i.DiagnosticsManager]: none
2014-01-26 06:05:09.547+0000 INFO  [o.n.k.i.DiagnosticsManager]: none
2014-01-26 06:05:09.547+0000 INFO  [o.n.k.i.DiagnosticsManager]: none
2014-01-26 06:05:09.547+0000 INFO  [o.n.k.i.DiagnosticsManager]: none
2014-01-26 06:05:09.547+0000 INFO  [o.n.k.i.DiagnosticsManager]: none
2014-01-26 06:05:09.547+0000 INFO  [o.n.k.i.DiagnosticsManager]: Network information:
2014-01-26 06:05:09.547+0000 INFO  [o.n.k.i.DiagnosticsManager]: Interface wlan0:
2014-01-26 06:05:09.548+0000 INFO  [o.n.k.i.DiagnosticsManager]:     address: fe80:0:0:0:6e71:d9ff:fe5c:4cbb%3
2014-01-26 06:05:09.548+0000 INFO  [o.n.k.i.DiagnosticsManager]:     address: 192.168.1.1
2014-01-26 06:05:09.548+0000 INFO  [o.n.k.i.DiagnosticsManager]: Interface lo:
2014-01-26 06:05:09.548+0000 INFO  [o.n.k.i.DiagnosticsManager]:     address: 0:0:0:0:0:0:0:1%1
2014-01-26 06:05:09.548+0000 INFO  [o.n.k.i.DiagnosticsManager]:     address: 127.0.0.1
2014-01-26 06:05:09.548+0000 INFO  [o.n.k.i.DiagnosticsManager]: --- INITIALIZED diagnostics END ---
2014-01-26 06:05:09.565+0000 INFO  [o.n.k.i.n.s.StoreFactory]: [/hdd/development/um2/play-gdc-project/public/data/neo4j/graph.db/neostore.relationshiptypestore.db.names] brickCount=0 brickSize=0b mappedMem=0b (storeSize=38b)
2014-01-26 06:05:09.565+0000 INFO  [o.n.k.i.n.s.StoreFactory]: [/hdd/development/um2/play-gdc-project/public/data/neo4j/graph.db/neostore.relationshiptypestore.db] brickCount=0 brickSize=0b mappedMem=0b (storeSize=0b)
2014-01-26 06:05:09.565+0000 INFO  [o.n.k.i.n.s.StoreFactory]: [/hdd/development/um2/play-gdc-project/public/data/neo4j/graph.db/neostore.labeltokenstore.db.names] brickCount=0 brickSize=0b mappedMem=0b (storeSize=38b)
2014-01-26 06:05:09.566+0000 INFO  [o.n.k.i.n.s.StoreFactory]: [/hdd/development/um2/play-gdc-project/public/data/neo4j/graph.db/neostore.labeltokenstore.db] brickCount=0 brickSize=0b mappedMem=0b (storeSize=0b)
2014-01-26 06:05:09.566+0000 INFO  [o.n.k.i.n.s.StoreFactory]: [/hdd/development/um2/play-gdc-project/public/data/neo4j/graph.db/neostore.propertystore.db.strings] brickCount=0 brickSize=550400b mappedMem=550502400b (storeSize=128b)
2014-01-26 06:05:09.566+0000 INFO  [o.n.k.i.n.s.StoreFactory]: [/hdd/development/um2/play-gdc-project/public/data/neo4j/graph.db/neostore.propertystore.db.index.keys] brickCount=0 brickSize=0b mappedMem=0b (storeSize=38b)
2014-01-26 06:05:09.567+0000 INFO  [o.n.k.i.n.s.StoreFactory]: [/hdd/development/um2/play-gdc-project/public/data/neo4j/graph.db/neostore.propertystore.db.index] brickCount=0 brickSize=0b mappedMem=0b (storeSize=0b)
2014-01-26 06:05:09.567+0000 INFO  [o.n.k.i.n.s.StoreFactory]: [/hdd/development/um2/play-gdc-project/public/data/neo4j/graph.db/neostore.propertystore.db.arrays] brickCount=0 brickSize=623872b mappedMem=623902720b (storeSize=128b)
2014-01-26 06:05:09.567+0000 INFO  [o.n.k.i.n.s.StoreFactory]: [/hdd/development/um2/play-gdc-project/public/data/neo4j/graph.db/neostore.propertystore.db] brickCount=0 brickSize=6469677b mappedMem=646971392b (storeSize=0b)
2014-01-26 06:05:09.567+0000 INFO  [o.n.k.i.n.s.StoreFactory]: [/hdd/development/um2/play-gdc-project/public/data/neo4j/graph.db/neostore.relationshipstore.db] brickCount=0 brickSize=7927227b mappedMem=792723456b (storeSize=0b)
2014-01-26 06:05:09.568+0000 INFO  [o.n.k.i.n.s.StoreFactory]: [/hdd/development/um2/play-gdc-project/public/data/neo4j/graph.db/neostore.nodestore.db.labels] brickCount=0 brickSize=0b mappedMem=0b (storeSize=68b)
2014-01-26 06:05:09.568+0000 INFO  [o.n.k.i.n.s.StoreFactory]: [/hdd/development/um2/play-gdc-project/public/data/neo4j/graph.db/neostore.nodestore.db] brickCount=0 brickSize=1793064b mappedMem=179306496b (storeSize=0b)
2014-01-26 06:05:09.568+0000 INFO  [o.n.k.i.n.s.StoreFactory]: [/hdd/development/um2/play-gdc-project/public/data/neo4j/graph.db/neostore.schemastore.db] brickCount=0 brickSize=0b mappedMem=0b (storeSize=64b)
2014-01-26 06:05:09.569+0000 INFO  [o.n.k.i.n.s.StoreFactory]: [/hdd/development/um2/play-gdc-project/public/data/neo4j/graph.db/neostore] brickCount=0 brickSize=0b mappedMem=0b (storeSize=63b)
2014-01-26 06:05:09.574+0000 INFO  [o.n.k.i.t.x.XaLogicalLog]: Opened logical log [/hdd/development/um2/play-gdc-project/public/data/neo4j/graph.db/nioneo_logical.log.1] version=1, lastTxId=1 (clean)
2014-01-26 06:05:09.587+0000 INFO  [o.n.k.i.t.TxManager]: TM opening log: /hdd/development/um2/play-gdc-project/public/data/neo4j/graph.db/tm_tx_log.1
2014-01-26 06:05:09.741+0000 INFO  [o.n.k.i.t.x.XaLogicalLog]: Opened logical log [/hdd/development/um2/play-gdc-project/public/data/neo4j/graph.db/index/lucene.log.1] version=1, lastTxId=1 (clean)
2014-01-26 06:05:09.767+0000 INFO  [o.n.k.i.DiagnosticsManager]: --- STARTED diagnostics for KernelDiagnostics:Versions START ---
2014-01-26 06:05:09.768+0000 INFO  [o.n.k.i.DiagnosticsManager]: Graph Database: org.neo4j.kernel.EmbeddedGraphDatabase StoreId[time:1390716304994, id:4824895640780781770, store version: 13843131341501958]
2014-01-26 06:05:09.768+0000 INFO  [o.n.k.i.DiagnosticsManager]: Kernel version: Neo4j - Graph Database Kernel (neo4j-kernel), version: 2.0.0
2014-01-26 06:05:09.768+0000 INFO  [o.n.k.i.DiagnosticsManager]: Neo4j component versions:
2014-01-26 06:05:09.785+0000 INFO  [o.n.k.i.DiagnosticsManager]:   Neo4j - Lucene Index (neo4j-lucene-index), version: 2.0.0; revision: 2.0.0:master:601/5cfc38672446b92062b3bc209d584591968f1a0f
2014-01-26 06:05:09.785+0000 INFO  [o.n.k.i.DiagnosticsManager]:   Neo4j - JMX support (neo4j-jmx), version: 2.0.0; revision: 2.0.0:master:601/5cfc38672446b92062b3bc209d584591968f1a0f
2014-01-26 06:05:09.785+0000 INFO  [o.n.k.i.DiagnosticsManager]:   Neo4j - Graph Matching (neo4j-graph-matching), version: 2.0.0; revision: 2.0.0:master:601/5cfc38672446b92062b3bc209d584591968f1a0f
2014-01-26 06:05:09.785+0000 INFO  [o.n.k.i.DiagnosticsManager]:   Neo4j Server API (server-api), version: 2.0.0; revision: 2.0.0:master:601/5cfc38672446b92062b3bc209d584591968f1a0f
2014-01-26 06:05:09.785+0000 INFO  [o.n.k.i.DiagnosticsManager]:   Neo4j - Graph Database Kernel (neo4j-kernel), version: 2.0.0; revision: 2.0.0:master:601/5cfc38672446b92062b3bc209d584591968f1a0f
2014-01-26 06:05:09.785+0000 INFO  [o.n.k.i.DiagnosticsManager]:   Neo4j - Cypher (neo4j-cypher), version: 2.0.0; revision: 2.0.0:master:601/5cfc38672446b92062b3bc209d584591968f1a0f
2014-01-26 06:05:09.785+0000 INFO  [o.n.k.i.DiagnosticsManager]:   Neo4j Server (neo4j-server), version: 2.0.0; revision: 2.0.0:master:601/5cfc38672446b92062b3bc209d584591968f1a0f
2014-01-26 06:05:09.785+0000 INFO  [o.n.k.i.DiagnosticsManager]:   Neo4j - Graph Algorithms (neo4j-graph-algo), version: 2.0.0; revision: 2.0.0:master:601/5cfc38672446b92062b3bc209d584591968f1a0f
2014-01-26 06:05:09.785+0000 INFO  [o.n.k.i.DiagnosticsManager]:   Neo4j - Cypher Compiler 2.0 (neo4j-cypher-compiler-2.0), version: 2.0.0; revision: 2.0.0:master:601/5cfc38672446b92062b3bc209d584591968f1a0f
2014-01-26 06:05:09.786+0000 INFO  [o.n.k.i.DiagnosticsManager]:   Neo4j - Generic shell (neo4j-shell), version: 2.0.0; revision: 2.0.0:master:601/5cfc38672446b92062b3bc209d584591968f1a0f
2014-01-26 06:05:09.786+0000 INFO  [o.n.k.i.DiagnosticsManager]:   Neo4j - Cypher Compiler 1.9 (neo4j-cypher-compiler-1.9), version: 2.0.0; revision: 2.0.0:master:601/5cfc38672446b92062b3bc209d584591968f1a0f
2014-01-26 06:05:09.786+0000 INFO  [o.n.k.i.DiagnosticsManager]:   neo4j-udc, version: 2.0.0; revision: 2.0.0:master:601/5cfc38672446b92062b3bc209d584591968f1a0f
2014-01-26 06:05:09.786+0000 INFO  [o.n.k.i.DiagnosticsManager]:   Neo4j - Cypher Commons (neo4j-cypher-commons), version: 2.0.0; revision: 2.0.0:master:601/5cfc38672446b92062b3bc209d584591968f1a0f
2014-01-26 06:05:09.786+0000 INFO  [o.n.k.i.DiagnosticsManager]: --- STARTED diagnostics for KernelDiagnostics:Versions END ---
2014-01-26 06:05:09.786+0000 INFO  [o.n.k.i.DiagnosticsManager]: --- STARTED diagnostics for NEO_STORE_VERSIONS START ---
2014-01-26 06:05:09.786+0000 INFO  [o.n.k.i.DiagnosticsManager]: Store versions:
2014-01-26 06:05:09.786+0000 INFO  [o.n.k.i.DiagnosticsManager]: Store versions:
2014-01-26 06:05:09.786+0000 INFO  [o.n.k.i.DiagnosticsManager]:   NeoStore v0.A.1
2014-01-26 06:05:09.786+0000 INFO  [o.n.k.i.DiagnosticsManager]:   SchemaStore v0.A.1
2014-01-26 06:05:09.786+0000 INFO  [o.n.k.i.DiagnosticsManager]:   NodeStore v0.A.1
2014-01-26 06:05:09.786+0000 INFO  [o.n.k.i.DiagnosticsManager]:   RelationshipStore v0.A.1
2014-01-26 06:05:09.786+0000 INFO  [o.n.k.i.DiagnosticsManager]:   RelationshipTypeStore v0.A.1
2014-01-26 06:05:09.787+0000 INFO  [o.n.k.i.DiagnosticsManager]:   LabelTokenStore v0.A.1
2014-01-26 06:05:09.787+0000 INFO  [o.n.k.i.DiagnosticsManager]:   PropertyStore v0.A.1
2014-01-26 06:05:09.787+0000 INFO  [o.n.k.i.DiagnosticsManager]:   PropertyIndexStore v0.A.1
2014-01-26 06:05:09.787+0000 INFO  [o.n.k.i.DiagnosticsManager]:   StringPropertyStore v0.A.1
2014-01-26 06:05:09.787+0000 INFO  [o.n.k.i.DiagnosticsManager]:   ArrayPropertyStore v0.A.1
2014-01-26 06:05:09.787+0000 INFO  [o.n.k.i.DiagnosticsManager]: --- STARTED diagnostics for NEO_STORE_VERSIONS END ---
2014-01-26 06:05:09.787+0000 INFO  [o.n.k.i.DiagnosticsManager]: --- STARTED diagnostics for NEO_STORE_ID_USAGE START ---
2014-01-26 06:05:09.787+0000 INFO  [o.n.k.i.DiagnosticsManager]: Id usage:
2014-01-26 06:05:09.787+0000 INFO  [o.n.k.i.DiagnosticsManager]: Id usage:
2014-01-26 06:05:09.787+0000 INFO  [o.n.k.i.DiagnosticsManager]:   SchemaStore: used=1 high=0
2014-01-26 06:05:09.788+0000 INFO  [o.n.k.i.DiagnosticsManager]:   NodeStore: used=0 high=-1
2014-01-26 06:05:09.788+0000 INFO  [o.n.k.i.DiagnosticsManager]:   RelationshipStore: used=0 high=-1
2014-01-26 06:05:09.788+0000 INFO  [o.n.k.i.DiagnosticsManager]:   RelationshipTypeStore: used=0 high=-1
2014-01-26 06:05:09.788+0000 INFO  [o.n.k.i.DiagnosticsManager]:   LabelTokenStore: used=0 high=-1
2014-01-26 06:05:09.788+0000 INFO  [o.n.k.i.DiagnosticsManager]:   PropertyStore: used=0 high=-1
2014-01-26 06:05:09.788+0000 INFO  [o.n.k.i.DiagnosticsManager]:   PropertyIndexStore: used=0 high=-1
2014-01-26 06:05:09.789+0000 INFO  [o.n.k.i.DiagnosticsManager]:   StringPropertyStore: used=1 high=0
2014-01-26 06:05:09.789+0000 INFO  [o.n.k.i.DiagnosticsManager]:   ArrayPropertyStore: used=1 high=0
2014-01-26 06:05:09.789+0000 INFO  [o.n.k.i.DiagnosticsManager]: --- STARTED diagnostics for NEO_STORE_ID_USAGE END ---
2014-01-26 06:05:09.789+0000 INFO  [o.n.k.i.DiagnosticsManager]: --- STARTED diagnostics for PERSISTENCE_WINDOW_POOL_STATS START ---
2014-01-26 06:05:09.789+0000 INFO  [o.n.k.i.DiagnosticsManager]: --- STARTED diagnostics for PERSISTENCE_WINDOW_POOL_STATS END ---
2014-01-26 06:05:09.789+0000 INFO  [o.n.k.i.DiagnosticsManager]: --- STARTED diagnostics for KernelDiagnostics:StoreFiles START ---
2014-01-26 06:05:09.790+0000 INFO  [o.n.k.i.DiagnosticsManager]: Disk space on partition (Total / Free / Free %): 326789001216 / 223606833152 / 68
Storage files: (filename : modification date - size)
2014-01-26 06:05:09.790+0000 INFO  [o.n.k.i.DiagnosticsManager]:   neostore.relationshipstore.db: 2014-01-26T07:05:09+0100 - 0.00 B
2014-01-26 06:05:09.791+0000 INFO  [o.n.k.i.DiagnosticsManager]:   active_tx_log: 2014-01-26T07:05:08+0100 - 11.00 B
2014-01-26 06:05:09.791+0000 INFO  [o.n.k.i.DiagnosticsManager]:   nioneo_logical.log.v0: 2014-01-26T07:05:08+0100 - 16.00 B
2014-01-26 06:05:09.791+0000 INFO  [o.n.k.i.DiagnosticsManager]:   index:
2014-01-26 06:05:09.792+0000 INFO  [o.n.k.i.DiagnosticsManager]:     lucene.log.v0: 2014-01-26T07:05:08+0100 - 16.00 B
2014-01-26 06:05:09.792+0000 INFO  [o.n.k.i.DiagnosticsManager]:     lucene.log.active: 2014-01-26T07:05:09+0100 - 4.00 B
2014-01-26 06:05:09.792+0000 INFO  [o.n.k.i.DiagnosticsManager]:     lucene.log.1: 2014-01-26T07:05:09+0100 - 16.00 B
2014-01-26 06:05:09.793+0000 INFO  [o.n.k.i.DiagnosticsManager]:     lucene-store.db: 2014-01-26T07:05:08+0100 - 40.00 B
2014-01-26 06:05:09.793+0000 INFO  [o.n.k.i.DiagnosticsManager]:   - Total: 2014-01-26T07:05:09+0100 - 76.00 B
2014-01-26 06:05:09.794+0000 INFO  [o.n.k.i.DiagnosticsManager]:   neostore.labeltokenstore.db.names.id: 2014-01-26T07:05:09+0100 - 9.00 B
2014-01-26 06:05:09.794+0000 INFO  [o.n.k.i.DiagnosticsManager]:   neostore.relationshipstore.db.id: 2014-01-26T07:05:09+0100 - 9.00 B
2014-01-26 06:05:09.794+0000 INFO  [o.n.k.i.DiagnosticsManager]:   neostore.relationshiptypestore.db: 2014-01-26T07:05:09+0100 - 0.00 B
2014-01-26 06:05:09.795+0000 INFO  [o.n.k.i.DiagnosticsManager]:   neostore.propertystore.db.arrays.id: 2014-01-26T07:05:09+0100 - 9.00 B
2014-01-26 06:05:09.795+0000 INFO  [o.n.k.i.DiagnosticsManager]:   neostore.nodestore.db: 2014-01-26T07:05:09+0100 - 0.00 B
2014-01-26 06:05:09.795+0000 INFO  [o.n.k.i.DiagnosticsManager]:   neostore.propertystore.db.strings: 2014-01-26T07:05:09+0100 - 128.00 B
2014-01-26 06:05:09.796+0000 INFO  [o.n.k.i.DiagnosticsManager]:   schema:
2014-01-26 06:05:09.796+0000 INFO  [o.n.k.i.DiagnosticsManager]:     label:
2014-01-26 06:05:09.796+0000 INFO  [o.n.k.i.DiagnosticsManager]:       lucene:
2014-01-26 06:05:09.796+0000 INFO  [o.n.k.i.DiagnosticsManager]:         write.lock: 2014-01-26T07:05:09+0100 - 0.00 B
2014-01-26 06:05:09.797+0000 INFO  [o.n.k.i.DiagnosticsManager]:         segments_1: 2014-01-26T07:05:08+0100 - 32.00 B
2014-01-26 06:05:09.797+0000 INFO  [o.n.k.i.DiagnosticsManager]:         segments.gen: 2014-01-26T07:05:08+0100 - 20.00 B
2014-01-26 06:05:09.797+0000 INFO  [o.n.k.i.DiagnosticsManager]:       - Total: 2014-01-26T07:05:09+0100 - 52.00 B
2014-01-26 06:05:09.798+0000 INFO  [o.n.k.i.DiagnosticsManager]:     - Total: 2014-01-26T07:05:07+0100 - 52.00 B
2014-01-26 06:05:09.798+0000 INFO  [o.n.k.i.DiagnosticsManager]:   - Total: 2014-01-26T07:05:07+0100 - 52.00 B
2014-01-26 06:05:09.798+0000 INFO  [o.n.k.i.DiagnosticsManager]:   neostore.propertystore.db.id: 2014-01-26T07:05:09+0100 - 9.00 B
2014-01-26 06:05:09.799+0000 INFO  [o.n.k.i.DiagnosticsManager]:   neostore.labeltokenstore.db.names: 2014-01-26T07:05:09+0100 - 38.00 B
2014-01-26 06:05:09.799+0000 INFO  [o.n.k.i.DiagnosticsManager]:   neostore.propertystore.db: 2014-01-26T07:05:09+0100 - 0.00 B
2014-01-26 06:05:09.800+0000 INFO  [o.n.k.i.DiagnosticsManager]:   tm_tx_log.1: 2014-01-26T07:05:09+0100 - 0.00 B
2014-01-26 06:05:09.800+0000 INFO  [o.n.k.i.DiagnosticsManager]:   neostore.labeltokenstore.db: 2014-01-26T07:05:09+0100 - 0.00 B
2014-01-26 06:05:09.800+0000 INFO  [o.n.k.i.DiagnosticsManager]:   neostore.relationshiptypestore.db.id: 2014-01-26T07:05:09+0100 - 9.00 B
2014-01-26 06:05:09.801+0000 INFO  [o.n.k.i.DiagnosticsManager]:   neostore.propertystore.db.arrays: 2014-01-26T07:05:09+0100 - 128.00 B
2014-01-26 06:05:09.801+0000 INFO  [o.n.k.i.DiagnosticsManager]:   neostore.propertystore.db.index.id: 2014-01-26T07:05:09+0100 - 9.00 B
2014-01-26 06:05:09.801+0000 INFO  [o.n.k.i.DiagnosticsManager]:   store_lock: 2014-01-26T07:05:04+0100 - 0.00 B
2014-01-26 06:05:09.802+0000 INFO  [o.n.k.i.DiagnosticsManager]:   nioneo_logical.log.1: 2014-01-26T07:05:09+0100 - 16.00 B
2014-01-26 06:05:09.802+0000 INFO  [o.n.k.i.DiagnosticsManager]:   neostore: 2014-01-26T07:05:09+0100 - 63.00 B
2014-01-26 06:05:09.802+0000 INFO  [o.n.k.i.DiagnosticsManager]:   neostore.schemastore.db.id: 2014-01-26T07:05:09+0100 - 9.00 B
2014-01-26 06:05:09.803+0000 INFO  [o.n.k.i.DiagnosticsManager]:   neostore.nodestore.db.labels.id: 2014-01-26T07:05:09+0100 - 9.00 B
2014-01-26 06:05:09.803+0000 INFO  [o.n.k.i.DiagnosticsManager]:   neostore.relationshiptypestore.db.names.id: 2014-01-26T07:05:09+0100 - 9.00 B
2014-01-26 06:05:09.803+0000 INFO  [o.n.k.i.DiagnosticsManager]:   neostore.id: 2014-01-26T07:05:09+0100 - 9.00 B
2014-01-26 06:05:09.804+0000 INFO  [o.n.k.i.DiagnosticsManager]:   neostore.schemastore.db: 2014-01-26T07:05:09+0100 - 64.00 B
2014-01-26 06:05:09.804+0000 INFO  [o.n.k.i.DiagnosticsManager]:   neostore.relationshiptypestore.db.names: 2014-01-26T07:05:09+0100 - 38.00 B
2014-01-26 06:05:09.805+0000 INFO  [o.n.k.i.DiagnosticsManager]:   neostore.nodestore.db.labels: 2014-01-26T07:05:09+0100 - 68.00 B
2014-01-26 06:05:09.805+0000 INFO  [o.n.k.i.DiagnosticsManager]:   neostore.propertystore.db.index: 2014-01-26T07:05:09+0100 - 0.00 B
2014-01-26 06:05:09.805+0000 INFO  [o.n.k.i.DiagnosticsManager]:   neostore.nodestore.db.id: 2014-01-26T07:05:09+0100 - 9.00 B
2014-01-26 06:05:09.806+0000 INFO  [o.n.k.i.DiagnosticsManager]:   neostore.labeltokenstore.db.id: 2014-01-26T07:05:09+0100 - 9.00 B
2014-01-26 06:05:09.806+0000 INFO  [o.n.k.i.DiagnosticsManager]:   messages.log: 2014-01-26T07:05:09+0100 - 87.70 kB
2014-01-26 06:05:09.806+0000 INFO  [o.n.k.i.DiagnosticsManager]:   neostore.propertystore.db.index.keys: 2014-01-26T07:05:09+0100 - 38.00 B
2014-01-26 06:05:09.807+0000 INFO  [o.n.k.i.DiagnosticsManager]:   neostore.propertystore.db.strings.id: 2014-01-26T07:05:09+0100 - 9.00 B
2014-01-26 06:05:09.807+0000 INFO  [o.n.k.i.DiagnosticsManager]:   neostore.propertystore.db.index.keys.id: 2014-01-26T07:05:09+0100 - 9.00 B
2014-01-26 06:05:09.807+0000 INFO  [o.n.k.i.DiagnosticsManager]:   nioneo_logical.log.active: 2014-01-26T07:05:09+0100 - 4.00 B
2014-01-26 06:05:09.808+0000 INFO  [o.n.k.i.DiagnosticsManager]:   lock: 2014-01-26T07:05:09+0100 - 0.00 B
2014-01-26 06:05:09.808+0000 INFO  [o.n.k.i.DiagnosticsManager]: --- STARTED diagnostics for KernelDiagnostics:StoreFiles END ---
2014-01-26 06:05:09.809+0000 INFO  [o.n.k.EmbeddedGraphDatabase]: Database is now ready
2014-01-26 06:05:09.809+0000 INFO  [o.n.k.EmbeddedGraphDatabase]: GC Monitor started. 
2014-01-26 06:05:09.810+0000 INFO  [o.n.k.i.DiagnosticsManager]: --- SERVER STARTED START ---
2014-01-26 06:05:11.348+0000 INFO  [o.n.k.i.DiagnosticsManager]: --- STARTED diagnostics for org.neo4j.server.configuration.Configurator START ---
2014-01-26 06:05:11.350+0000 INFO  [o.n.k.i.DiagnosticsManager]: Server configuration:
2014-01-26 06:05:11.350+0000 INFO  [o.n.k.i.DiagnosticsManager]: org.neo4j.server.database.location = /hdd/development/um2/play-gdc-project/public/data/neo4j/graph.db
2014-01-26 06:05:11.350+0000 INFO  [o.n.k.i.DiagnosticsManager]: org.neo4j.server.webserver.port = 7474
2014-01-26 06:05:11.350+0000 INFO  [o.n.k.i.DiagnosticsManager]: org.neo4j.server.webserver.https.enabled = true
2014-01-26 06:05:11.350+0000 INFO  [o.n.k.i.DiagnosticsManager]: org.neo4j.server.webserver.https.port = 7473
2014-01-26 06:05:11.350+0000 INFO  [o.n.k.i.DiagnosticsManager]: org.neo4j.server.webserver.https.cert.location = conf/ssl/snakeoil.cert
2014-01-26 06:05:11.350+0000 INFO  [o.n.k.i.DiagnosticsManager]: org.neo4j.server.webserver.https.key.location = conf/ssl/snakeoil.key
2014-01-26 06:05:11.351+0000 INFO  [o.n.k.i.DiagnosticsManager]: org.neo4j.server.webserver.https.keystore.location = data/keystore
2014-01-26 06:05:11.351+0000 INFO  [o.n.k.i.DiagnosticsManager]: org.neo4j.server.webadmin.rrdb.location = data/rrd
2014-01-26 06:05:11.351+0000 INFO  [o.n.k.i.DiagnosticsManager]: org.neo4j.server.db.tuning.properties = conf/neo4j.properties
2014-01-26 06:05:11.351+0000 INFO  [o.n.k.i.DiagnosticsManager]: org.neo4j.server.manage.console_engines = shell
2014-01-26 06:05:11.351+0000 INFO  [o.n.k.i.DiagnosticsManager]: org.neo4j.server.http.log.enabled = false
2014-01-26 06:05:11.351+0000 INFO  [o.n.k.i.DiagnosticsManager]: org.neo4j.server.http.log.config = conf/neo4j-http-logging.xml
2014-01-26 06:05:11.351+0000 INFO  [o.n.k.i.DiagnosticsManager]: org.neo4j.server.webadmin.management.uri = /db/manage/
2014-01-26 06:05:11.351+0000 INFO  [o.n.k.i.DiagnosticsManager]: org.neo4j.server.webadmin.data.uri = /db/data/
2014-01-26 06:05:11.351+0000 INFO  [o.n.k.i.DiagnosticsManager]: --- STARTED diagnostics for org.neo4j.server.configuration.Configurator END ---
2014-01-26 06:05:11.360+0000 INFO  [o.n.k.i.DiagnosticsManager]: Mounted discovery module (org.neo4j.server.rest.discovery) at: /
2014-01-26 06:05:11.367+0000 INFO  [o.n.k.i.DiagnosticsManager]: Mounted REST API at: /db/data/
2014-01-26 06:05:11.370+0000 INFO  [o.n.k.i.DiagnosticsManager]: Mounted management API at: /db/manage/
2014-01-26 06:05:11.371+0000 INFO  [o.n.k.i.DiagnosticsManager]: Mounted webadmin at: /webadmin
2014-01-26 06:05:11.371+0000 INFO  [o.n.k.i.DiagnosticsManager]: Mounted Neo4j Browser at: /browser
2014-01-26 06:05:13.256+0000 INFO  [o.n.k.i.DiagnosticsManager]: Server started on: http://localhost:7474/
2014-01-26 06:05:13.261+0000 INFO  [o.n.k.i.DiagnosticsManager]: --- SERVER STARTED END ---
